ERROR - 2026-03-11 12:07:50 --> Error connecting to the database: mysqli_sql_exception: Une tentative de connexion a échoué car le parti connecté n’a pas répondu convenablement au-delà d’une certaine durée ou une connexion établie a échoué car l’hôte de connexion n’a pas répondu in C:\xampp\htdocs\ENCHERE2\system\Database\MySQLi\Connection.php:184
Stack trace:
#0 C:\xampp\htdocs\ENCHERE2\system\Database\MySQLi\Connection.php(184): mysqli->real_connect('172.16.203.111', 'sio', Object(SensitiveParameterValue), 'enchere_a_porte...', 3306, '', 0)
#1 C:\xampp\htdocs\ENCHERE2\system\Database\BaseConnection.php(392): CodeIgniter\Database\MySQLi\Connection->connect(false)
#2 C:\xampp\htdocs\ENCHERE2\system\Database\BaseConnection.php(575): CodeIgniter\Database\BaseConnection->initialize()
#3 C:\xampp\htdocs\ENCHERE2\app\Models\Modele.php(189): CodeIgniter\Database\BaseConnection->query('SELECT id_vente...')
#4 C:\xampp\htdocs\ENCHERE2\app\Controllers\Enchere.php(24): App\Models\Modele->mettreAJourStatutsVentes()
#5 C:\xampp\htdocs\ENCHERE2\system\CodeIgniter.php(942): App\Controllers\Enchere->index()
#6 C:\xampp\htdocs\ENCHERE2\system\CodeIgniter.php(502): CodeIgniter\CodeIgniter->runController(Object(App\Controllers\Enchere))
#7 C:\xampp\htdocs\ENCHERE2\system\CodeIgniter.php(361): CodeIgniter\CodeIgniter->handleRequest(NULL, Object(Config\Cache), false)
#8 C:\xampp\htdocs\ENCHERE2\public\index.php(79): CodeIgniter\CodeIgniter->run()
#9 {main}

Next CodeIgniter\Database\Exceptions\DatabaseException: Une tentative de connexion a échoué car le parti connecté n’a pas répondu convenablement au-delà d’une certaine durée ou une connexion établie a échoué car l’hôte de connexion n’a pas répondu in C:\xampp\htdocs\ENCHERE2\system\Database\MySQLi\Connection.php:229
Stack trace:
#0 C:\xampp\htdocs\ENCHERE2\system\Database\BaseConnection.php(392): CodeIgniter\Database\MySQLi\Connection->connect(false)
#1 C:\xampp\htdocs\ENCHERE2\system\Database\BaseConnection.php(575): CodeIgniter\Database\BaseConnection->initialize()
#2 C:\xampp\htdocs\ENCHERE2\app\Models\Modele.php(189): CodeIgniter\Database\BaseConnection->query('SELECT id_vente...')
#3 C:\xampp\htdocs\ENCHERE2\app\Controllers\Enchere.php(24): App\Models\Modele->mettreAJourStatutsVentes()
#4 C:\xampp\htdocs\ENCHERE2\system\CodeIgniter.php(942): App\Controllers\Enchere->index()
#5 C:\xampp\htdocs\ENCHERE2\system\CodeIgniter.php(502): CodeIgniter\CodeIgniter->runController(Object(App\Controllers\Enchere))
#6 C:\xampp\htdocs\ENCHERE2\system\CodeIgniter.php(361): CodeIgniter\CodeIgniter->handleRequest(NULL, Object(Config\Cache), false)
#7 C:\xampp\htdocs\ENCHERE2\public\index.php(79): CodeIgniter\CodeIgniter->run()
#8 {main}
CRITICAL - 2026-03-11 12:07:50 --> Unable to connect to the database.
Main connection [MySQLi]: Une tentative de connexion a échoué car le parti connecté n’a pas répondu convenablement au-delà d’une certaine durée ou une connexion établie a échoué car l’hôte de connexion n’a pas répondu
in SYSTEMPATH\Database\BaseConnection.php on line 428.
 1 SYSTEMPATH\Database\BaseConnection.php(575): CodeIgniter\Database\BaseConnection->initialize()
 2 APPPATH\Models\Modele.php(189): CodeIgniter\Database\BaseConnection->query('SELECT id_vente, titre FROM ventes WHERE etat=\'a_venir\' AND date_debut <= \'2026-03-11 12:07:40\'')
 3 APPPATH\Controllers\Enchere.php(24): App\Models\Modele->mettreAJourStatutsVentes()
 4 SYSTEMPATH\CodeIgniter.php(942): App\Controllers\Enchere->index()
 5 SYSTEMPATH\CodeIgniter.php(502): CodeIgniter\CodeIgniter->runController(Object(App\Controllers\Enchere))
 6 SYSTEMPATH\CodeIgniter.php(361): CodeIgniter\CodeIgniter->handleRequest(null, Object(Config\Cache), false)
 7 FCPATH\index.php(79): CodeIgniter\CodeIgniter->run()
ERROR - 2026-03-11 12:07:51 --> Error connecting to the database: mysqli_sql_exception: Une tentative de connexion a échoué car le parti connecté n’a pas répondu convenablement au-delà d’une certaine durée ou une connexion établie a échoué car l’hôte de connexion n’a pas répondu in C:\xampp\htdocs\ENCHERE2\system\Database\MySQLi\Connection.php:184
Stack trace:
#0 C:\xampp\htdocs\ENCHERE2\system\Database\MySQLi\Connection.php(184): mysqli->real_connect('172.16.203.111', 'sio', Object(SensitiveParameterValue), 'enchere_a_porte...', 3306, '', 0)
#1 C:\xampp\htdocs\ENCHERE2\system\Database\BaseConnection.php(392): CodeIgniter\Database\MySQLi\Connection->connect(false)
#2 C:\xampp\htdocs\ENCHERE2\system\Database\BaseConnection.php(575): CodeIgniter\Database\BaseConnection->initialize()
#3 C:\xampp\htdocs\ENCHERE2\app\Models\Modele.php(189): CodeIgniter\Database\BaseConnection->query('SELECT id_vente...')
#4 C:\xampp\htdocs\ENCHERE2\app\Controllers\Enchere.php(24): App\Models\Modele->mettreAJourStatutsVentes()
#5 C:\xampp\htdocs\ENCHERE2\system\CodeIgniter.php(942): App\Controllers\Enchere->index()
#6 C:\xampp\htdocs\ENCHERE2\system\CodeIgniter.php(502): CodeIgniter\CodeIgniter->runController(Object(App\Controllers\Enchere))
#7 C:\xampp\htdocs\ENCHERE2\system\CodeIgniter.php(361): CodeIgniter\CodeIgniter->handleRequest(NULL, Object(Config\Cache), false)
#8 C:\xampp\htdocs\ENCHERE2\public\index.php(79): CodeIgniter\CodeIgniter->run()
#9 {main}

Next CodeIgniter\Database\Exceptions\DatabaseException: Une tentative de connexion a échoué car le parti connecté n’a pas répondu convenablement au-delà d’une certaine durée ou une connexion établie a échoué car l’hôte de connexion n’a pas répondu in C:\xampp\htdocs\ENCHERE2\system\Database\MySQLi\Connection.php:229
Stack trace:
#0 C:\xampp\htdocs\ENCHERE2\system\Database\BaseConnection.php(392): CodeIgniter\Database\MySQLi\Connection->connect(false)
#1 C:\xampp\htdocs\ENCHERE2\system\Database\BaseConnection.php(575): CodeIgniter\Database\BaseConnection->initialize()
#2 C:\xampp\htdocs\ENCHERE2\app\Models\Modele.php(189): CodeIgniter\Database\BaseConnection->query('SELECT id_vente...')
#3 C:\xampp\htdocs\ENCHERE2\app\Controllers\Enchere.php(24): App\Models\Modele->mettreAJourStatutsVentes()
#4 C:\xampp\htdocs\ENCHERE2\system\CodeIgniter.php(942): App\Controllers\Enchere->index()
#5 C:\xampp\htdocs\ENCHERE2\system\CodeIgniter.php(502): CodeIgniter\CodeIgniter->runController(Object(App\Controllers\Enchere))
#6 C:\xampp\htdocs\ENCHERE2\system\CodeIgniter.php(361): CodeIgniter\CodeIgniter->handleRequest(NULL, Object(Config\Cache), false)
#7 C:\xampp\htdocs\ENCHERE2\public\index.php(79): CodeIgniter\CodeIgniter->run()
#8 {main}
CRITICAL - 2026-03-11 12:07:51 --> Unable to connect to the database.
Main connection [MySQLi]: Une tentative de connexion a échoué car le parti connecté n’a pas répondu convenablement au-delà d’une certaine durée ou une connexion établie a échoué car l’hôte de connexion n’a pas répondu
in SYSTEMPATH\Database\BaseConnection.php on line 428.
 1 SYSTEMPATH\Database\BaseConnection.php(575): CodeIgniter\Database\BaseConnection->initialize()
 2 APPPATH\Models\Modele.php(189): CodeIgniter\Database\BaseConnection->query('SELECT id_vente, titre FROM ventes WHERE etat=\'a_venir\' AND date_debut <= \'2026-03-11 12:07:41\'')
 3 APPPATH\Controllers\Enchere.php(24): App\Models\Modele->mettreAJourStatutsVentes()
 4 SYSTEMPATH\CodeIgniter.php(942): App\Controllers\Enchere->index()
 5 SYSTEMPATH\CodeIgniter.php(502): CodeIgniter\CodeIgniter->runController(Object(App\Controllers\Enchere))
 6 SYSTEMPATH\CodeIgniter.php(361): CodeIgniter\CodeIgniter->handleRequest(null, Object(Config\Cache), false)
 7 FCPATH\index.php(79): CodeIgniter\CodeIgniter->run()
ERROR - 2026-03-11 12:07:51 --> Error connecting to the database: mysqli_sql_exception: Une tentative de connexion a échoué car le parti connecté n’a pas répondu convenablement au-delà d’une certaine durée ou une connexion établie a échoué car l’hôte de connexion n’a pas répondu in C:\xampp\htdocs\ENCHERE2\system\Database\MySQLi\Connection.php:184
Stack trace:
#0 C:\xampp\htdocs\ENCHERE2\system\Database\MySQLi\Connection.php(184): mysqli->real_connect('172.16.203.111', 'sio', Object(SensitiveParameterValue), 'enchere_a_porte...', 3306, '', 0)
#1 C:\xampp\htdocs\ENCHERE2\system\Database\BaseConnection.php(392): CodeIgniter\Database\MySQLi\Connection->connect(false)
#2 C:\xampp\htdocs\ENCHERE2\system\Database\BaseConnection.php(575): CodeIgniter\Database\BaseConnection->initialize()
#3 C:\xampp\htdocs\ENCHERE2\app\Models\Modele.php(189): CodeIgniter\Database\BaseConnection->query('SELECT id_vente...')
#4 C:\xampp\htdocs\ENCHERE2\app\Controllers\Enchere.php(24): App\Models\Modele->mettreAJourStatutsVentes()
#5 C:\xampp\htdocs\ENCHERE2\system\CodeIgniter.php(942): App\Controllers\Enchere->index()
#6 C:\xampp\htdocs\ENCHERE2\system\CodeIgniter.php(502): CodeIgniter\CodeIgniter->runController(Object(App\Controllers\Enchere))
#7 C:\xampp\htdocs\ENCHERE2\system\CodeIgniter.php(361): CodeIgniter\CodeIgniter->handleRequest(NULL, Object(Config\Cache), false)
#8 C:\xampp\htdocs\ENCHERE2\public\index.php(79): CodeIgniter\CodeIgniter->run()
#9 {main}

Next CodeIgniter\Database\Exceptions\DatabaseException: Une tentative de connexion a échoué car le parti connecté n’a pas répondu convenablement au-delà d’une certaine durée ou une connexion établie a échoué car l’hôte de connexion n’a pas répondu in C:\xampp\htdocs\ENCHERE2\system\Database\MySQLi\Connection.php:229
Stack trace:
#0 C:\xampp\htdocs\ENCHERE2\system\Database\BaseConnection.php(392): CodeIgniter\Database\MySQLi\Connection->connect(false)
#1 C:\xampp\htdocs\ENCHERE2\system\Database\BaseConnection.php(575): CodeIgniter\Database\BaseConnection->initialize()
#2 C:\xampp\htdocs\ENCHERE2\app\Models\Modele.php(189): CodeIgniter\Database\BaseConnection->query('SELECT id_vente...')
#3 C:\xampp\htdocs\ENCHERE2\app\Controllers\Enchere.php(24): App\Models\Modele->mettreAJourStatutsVentes()
#4 C:\xampp\htdocs\ENCHERE2\system\CodeIgniter.php(942): App\Controllers\Enchere->index()
#5 C:\xampp\htdocs\ENCHERE2\system\CodeIgniter.php(502): CodeIgniter\CodeIgniter->runController(Object(App\Controllers\Enchere))
#6 C:\xampp\htdocs\ENCHERE2\system\CodeIgniter.php(361): CodeIgniter\CodeIgniter->handleRequest(NULL, Object(Config\Cache), false)
#7 C:\xampp\htdocs\ENCHERE2\public\index.php(79): CodeIgniter\CodeIgniter->run()
#8 {main}
CRITICAL - 2026-03-11 12:07:51 --> Unable to connect to the database.
Main connection [MySQLi]: Une tentative de connexion a échoué car le parti connecté n’a pas répondu convenablement au-delà d’une certaine durée ou une connexion établie a échoué car l’hôte de connexion n’a pas répondu
in SYSTEMPATH\Database\BaseConnection.php on line 428.
 1 SYSTEMPATH\Database\BaseConnection.php(575): CodeIgniter\Database\BaseConnection->initialize()
 2 APPPATH\Models\Modele.php(189): CodeIgniter\Database\BaseConnection->query('SELECT id_vente, titre FROM ventes WHERE etat=\'a_venir\' AND date_debut <= \'2026-03-11 12:07:41\'')
 3 APPPATH\Controllers\Enchere.php(24): App\Models\Modele->mettreAJourStatutsVentes()
 4 SYSTEMPATH\CodeIgniter.php(942): App\Controllers\Enchere->index()
 5 SYSTEMPATH\CodeIgniter.php(502): CodeIgniter\CodeIgniter->runController(Object(App\Controllers\Enchere))
 6 SYSTEMPATH\CodeIgniter.php(361): CodeIgniter\CodeIgniter->handleRequest(null, Object(Config\Cache), false)
 7 FCPATH\index.php(79): CodeIgniter\CodeIgniter->run()
ERROR - 2026-03-11 12:07:51 --> Error connecting to the database: mysqli_sql_exception: Une tentative de connexion a échoué car le parti connecté n’a pas répondu convenablement au-delà d’une certaine durée ou une connexion établie a échoué car l’hôte de connexion n’a pas répondu in C:\xampp\htdocs\ENCHERE2\system\Database\MySQLi\Connection.php:184
Stack trace:
#0 C:\xampp\htdocs\ENCHERE2\system\Database\MySQLi\Connection.php(184): mysqli->real_connect('172.16.203.111', 'sio', Object(SensitiveParameterValue), 'enchere_a_porte...', 3306, '', 0)
#1 C:\xampp\htdocs\ENCHERE2\system\Database\BaseConnection.php(392): CodeIgniter\Database\MySQLi\Connection->connect(false)
#2 C:\xampp\htdocs\ENCHERE2\system\Database\BaseConnection.php(575): CodeIgniter\Database\BaseConnection->initialize()
#3 C:\xampp\htdocs\ENCHERE2\app\Models\Modele.php(189): CodeIgniter\Database\BaseConnection->query('SELECT id_vente...')
#4 C:\xampp\htdocs\ENCHERE2\app\Controllers\Enchere.php(24): App\Models\Modele->mettreAJourStatutsVentes()
#5 C:\xampp\htdocs\ENCHERE2\system\CodeIgniter.php(942): App\Controllers\Enchere->index()
#6 C:\xampp\htdocs\ENCHERE2\system\CodeIgniter.php(502): CodeIgniter\CodeIgniter->runController(Object(App\Controllers\Enchere))
#7 C:\xampp\htdocs\ENCHERE2\system\CodeIgniter.php(361): CodeIgniter\CodeIgniter->handleRequest(NULL, Object(Config\Cache), false)
#8 C:\xampp\htdocs\ENCHERE2\public\index.php(79): CodeIgniter\CodeIgniter->run()
#9 {main}

Next CodeIgniter\Database\Exceptions\DatabaseException: Une tentative de connexion a échoué car le parti connecté n’a pas répondu convenablement au-delà d’une certaine durée ou une connexion établie a échoué car l’hôte de connexion n’a pas répondu in C:\xampp\htdocs\ENCHERE2\system\Database\MySQLi\Connection.php:229
Stack trace:
#0 C:\xampp\htdocs\ENCHERE2\system\Database\BaseConnection.php(392): CodeIgniter\Database\MySQLi\Connection->connect(false)
#1 C:\xampp\htdocs\ENCHERE2\system\Database\BaseConnection.php(575): CodeIgniter\Database\BaseConnection->initialize()
#2 C:\xampp\htdocs\ENCHERE2\app\Models\Modele.php(189): CodeIgniter\Database\BaseConnection->query('SELECT id_vente...')
#3 C:\xampp\htdocs\ENCHERE2\app\Controllers\Enchere.php(24): App\Models\Modele->mettreAJourStatutsVentes()
#4 C:\xampp\htdocs\ENCHERE2\system\CodeIgniter.php(942): App\Controllers\Enchere->index()
#5 C:\xampp\htdocs\ENCHERE2\system\CodeIgniter.php(502): CodeIgniter\CodeIgniter->runController(Object(App\Controllers\Enchere))
#6 C:\xampp\htdocs\ENCHERE2\system\CodeIgniter.php(361): CodeIgniter\CodeIgniter->handleRequest(NULL, Object(Config\Cache), false)
#7 C:\xampp\htdocs\ENCHERE2\public\index.php(79): CodeIgniter\CodeIgniter->run()
#8 {main}
CRITICAL - 2026-03-11 12:07:51 --> Unable to connect to the database.
Main connection [MySQLi]: Une tentative de connexion a échoué car le parti connecté n’a pas répondu convenablement au-delà d’une certaine durée ou une connexion établie a échoué car l’hôte de connexion n’a pas répondu
in SYSTEMPATH\Database\BaseConnection.php on line 428.
 1 SYSTEMPATH\Database\BaseConnection.php(575): CodeIgniter\Database\BaseConnection->initialize()
 2 APPPATH\Models\Modele.php(189): CodeIgniter\Database\BaseConnection->query('SELECT id_vente, titre FROM ventes WHERE etat=\'a_venir\' AND date_debut <= \'2026-03-11 12:07:41\'')
 3 APPPATH\Controllers\Enchere.php(24): App\Models\Modele->mettreAJourStatutsVentes()
 4 SYSTEMPATH\CodeIgniter.php(942): App\Controllers\Enchere->index()
 5 SYSTEMPATH\CodeIgniter.php(502): CodeIgniter\CodeIgniter->runController(Object(App\Controllers\Enchere))
 6 SYSTEMPATH\CodeIgniter.php(361): CodeIgniter\CodeIgniter->handleRequest(null, Object(Config\Cache), false)
 7 FCPATH\index.php(79): CodeIgniter\CodeIgniter->run()
ERROR - 2026-03-11 12:07:51 --> Error connecting to the database: mysqli_sql_exception: Une tentative de connexion a échoué car le parti connecté n’a pas répondu convenablement au-delà d’une certaine durée ou une connexion établie a échoué car l’hôte de connexion n’a pas répondu in C:\xampp\htdocs\ENCHERE2\system\Database\MySQLi\Connection.php:184
Stack trace:
#0 C:\xampp\htdocs\ENCHERE2\system\Database\MySQLi\Connection.php(184): mysqli->real_connect('172.16.203.111', 'sio', Object(SensitiveParameterValue), 'enchere_a_porte...', 3306, '', 0)
#1 C:\xampp\htdocs\ENCHERE2\system\Database\BaseConnection.php(392): CodeIgniter\Database\MySQLi\Connection->connect(false)
#2 C:\xampp\htdocs\ENCHERE2\system\Database\BaseConnection.php(575): CodeIgniter\Database\BaseConnection->initialize()
#3 C:\xampp\htdocs\ENCHERE2\app\Models\Modele.php(189): CodeIgniter\Database\BaseConnection->query('SELECT id_vente...')
#4 C:\xampp\htdocs\ENCHERE2\app\Controllers\Enchere.php(24): App\Models\Modele->mettreAJourStatutsVentes()
#5 C:\xampp\htdocs\ENCHERE2\system\CodeIgniter.php(942): App\Controllers\Enchere->index()
#6 C:\xampp\htdocs\ENCHERE2\system\CodeIgniter.php(502): CodeIgniter\CodeIgniter->runController(Object(App\Controllers\Enchere))
#7 C:\xampp\htdocs\ENCHERE2\system\CodeIgniter.php(361): CodeIgniter\CodeIgniter->handleRequest(NULL, Object(Config\Cache), false)
#8 C:\xampp\htdocs\ENCHERE2\public\index.php(79): CodeIgniter\CodeIgniter->run()
#9 {main}

Next CodeIgniter\Database\Exceptions\DatabaseException: Une tentative de connexion a échoué car le parti connecté n’a pas répondu convenablement au-delà d’une certaine durée ou une connexion établie a échoué car l’hôte de connexion n’a pas répondu in C:\xampp\htdocs\ENCHERE2\system\Database\MySQLi\Connection.php:229
Stack trace:
#0 C:\xampp\htdocs\ENCHERE2\system\Database\BaseConnection.php(392): CodeIgniter\Database\MySQLi\Connection->connect(false)
#1 C:\xampp\htdocs\ENCHERE2\system\Database\BaseConnection.php(575): CodeIgniter\Database\BaseConnection->initialize()
#2 C:\xampp\htdocs\ENCHERE2\app\Models\Modele.php(189): CodeIgniter\Database\BaseConnection->query('SELECT id_vente...')
#3 C:\xampp\htdocs\ENCHERE2\app\Controllers\Enchere.php(24): App\Models\Modele->mettreAJourStatutsVentes()
#4 C:\xampp\htdocs\ENCHERE2\system\CodeIgniter.php(942): App\Controllers\Enchere->index()
#5 C:\xampp\htdocs\ENCHERE2\system\CodeIgniter.php(502): CodeIgniter\CodeIgniter->runController(Object(App\Controllers\Enchere))
#6 C:\xampp\htdocs\ENCHERE2\system\CodeIgniter.php(361): CodeIgniter\CodeIgniter->handleRequest(NULL, Object(Config\Cache), false)
#7 C:\xampp\htdocs\ENCHERE2\public\index.php(79): CodeIgniter\CodeIgniter->run()
#8 {main}
CRITICAL - 2026-03-11 12:07:51 --> Unable to connect to the database.
Main connection [MySQLi]: Une tentative de connexion a échoué car le parti connecté n’a pas répondu convenablement au-delà d’une certaine durée ou une connexion établie a échoué car l’hôte de connexion n’a pas répondu
in SYSTEMPATH\Database\BaseConnection.php on line 428.
 1 SYSTEMPATH\Database\BaseConnection.php(575): CodeIgniter\Database\BaseConnection->initialize()
 2 APPPATH\Models\Modele.php(189): CodeIgniter\Database\BaseConnection->query('SELECT id_vente, titre FROM ventes WHERE etat=\'a_venir\' AND date_debut <= \'2026-03-11 12:07:41\'')
 3 APPPATH\Controllers\Enchere.php(24): App\Models\Modele->mettreAJourStatutsVentes()
 4 SYSTEMPATH\CodeIgniter.php(942): App\Controllers\Enchere->index()
 5 SYSTEMPATH\CodeIgniter.php(502): CodeIgniter\CodeIgniter->runController(Object(App\Controllers\Enchere))
 6 SYSTEMPATH\CodeIgniter.php(361): CodeIgniter\CodeIgniter->handleRequest(null, Object(Config\Cache), false)
 7 FCPATH\index.php(79): CodeIgniter\CodeIgniter->run()
ERROR - 2026-03-11 12:07:52 --> Error connecting to the database: mysqli_sql_exception: Une tentative de connexion a échoué car le parti connecté n’a pas répondu convenablement au-delà d’une certaine durée ou une connexion établie a échoué car l’hôte de connexion n’a pas répondu in C:\xampp\htdocs\ENCHERE2\system\Database\MySQLi\Connection.php:184
Stack trace:
#0 C:\xampp\htdocs\ENCHERE2\system\Database\MySQLi\Connection.php(184): mysqli->real_connect('172.16.203.111', 'sio', Object(SensitiveParameterValue), 'enchere_a_porte...', 3306, '', 0)
#1 C:\xampp\htdocs\ENCHERE2\system\Database\BaseConnection.php(392): CodeIgniter\Database\MySQLi\Connection->connect(false)
#2 C:\xampp\htdocs\ENCHERE2\system\Database\BaseConnection.php(575): CodeIgniter\Database\BaseConnection->initialize()
#3 C:\xampp\htdocs\ENCHERE2\app\Models\Modele.php(189): CodeIgniter\Database\BaseConnection->query('SELECT id_vente...')
#4 C:\xampp\htdocs\ENCHERE2\app\Controllers\Enchere.php(24): App\Models\Modele->mettreAJourStatutsVentes()
#5 C:\xampp\htdocs\ENCHERE2\system\CodeIgniter.php(942): App\Controllers\Enchere->index()
#6 C:\xampp\htdocs\ENCHERE2\system\CodeIgniter.php(502): CodeIgniter\CodeIgniter->runController(Object(App\Controllers\Enchere))
#7 C:\xampp\htdocs\ENCHERE2\system\CodeIgniter.php(361): CodeIgniter\CodeIgniter->handleRequest(NULL, Object(Config\Cache), false)
#8 C:\xampp\htdocs\ENCHERE2\public\index.php(79): CodeIgniter\CodeIgniter->run()
#9 {main}

Next CodeIgniter\Database\Exceptions\DatabaseException: Une tentative de connexion a échoué car le parti connecté n’a pas répondu convenablement au-delà d’une certaine durée ou une connexion établie a échoué car l’hôte de connexion n’a pas répondu in C:\xampp\htdocs\ENCHERE2\system\Database\MySQLi\Connection.php:229
Stack trace:
#0 C:\xampp\htdocs\ENCHERE2\system\Database\BaseConnection.php(392): CodeIgniter\Database\MySQLi\Connection->connect(false)
#1 C:\xampp\htdocs\ENCHERE2\system\Database\BaseConnection.php(575): CodeIgniter\Database\BaseConnection->initialize()
#2 C:\xampp\htdocs\ENCHERE2\app\Models\Modele.php(189): CodeIgniter\Database\BaseConnection->query('SELECT id_vente...')
#3 C:\xampp\htdocs\ENCHERE2\app\Controllers\Enchere.php(24): App\Models\Modele->mettreAJourStatutsVentes()
#4 C:\xampp\htdocs\ENCHERE2\system\CodeIgniter.php(942): App\Controllers\Enchere->index()
#5 C:\xampp\htdocs\ENCHERE2\system\CodeIgniter.php(502): CodeIgniter\CodeIgniter->runController(Object(App\Controllers\Enchere))
#6 C:\xampp\htdocs\ENCHERE2\system\CodeIgniter.php(361): CodeIgniter\CodeIgniter->handleRequest(NULL, Object(Config\Cache), false)
#7 C:\xampp\htdocs\ENCHERE2\public\index.php(79): CodeIgniter\CodeIgniter->run()
#8 {main}
CRITICAL - 2026-03-11 12:07:52 --> Unable to connect to the database.
Main connection [MySQLi]: Une tentative de connexion a échoué car le parti connecté n’a pas répondu convenablement au-delà d’une certaine durée ou une connexion établie a échoué car l’hôte de connexion n’a pas répondu
in SYSTEMPATH\Database\BaseConnection.php on line 428.
 1 SYSTEMPATH\Database\BaseConnection.php(575): CodeIgniter\Database\BaseConnection->initialize()
 2 APPPATH\Models\Modele.php(189): CodeIgniter\Database\BaseConnection->query('SELECT id_vente, titre FROM ventes WHERE etat=\'a_venir\' AND date_debut <= \'2026-03-11 12:07:42\'')
 3 APPPATH\Controllers\Enchere.php(24): App\Models\Modele->mettreAJourStatutsVentes()
 4 SYSTEMPATH\CodeIgniter.php(942): App\Controllers\Enchere->index()
 5 SYSTEMPATH\CodeIgniter.php(502): CodeIgniter\CodeIgniter->runController(Object(App\Controllers\Enchere))
 6 SYSTEMPATH\CodeIgniter.php(361): CodeIgniter\CodeIgniter->handleRequest(null, Object(Config\Cache), false)
 7 FCPATH\index.php(79): CodeIgniter\CodeIgniter->run()
ERROR - 2026-03-11 12:07:52 --> Error connecting to the database: mysqli_sql_exception: Une tentative de connexion a échoué car le parti connecté n’a pas répondu convenablement au-delà d’une certaine durée ou une connexion établie a échoué car l’hôte de connexion n’a pas répondu in C:\xampp\htdocs\ENCHERE2\system\Database\MySQLi\Connection.php:184
Stack trace:
#0 C:\xampp\htdocs\ENCHERE2\system\Database\MySQLi\Connection.php(184): mysqli->real_connect('172.16.203.111', 'sio', Object(SensitiveParameterValue), 'enchere_a_porte...', 3306, '', 0)
#1 C:\xampp\htdocs\ENCHERE2\system\Database\BaseConnection.php(392): CodeIgniter\Database\MySQLi\Connection->connect(false)
#2 C:\xampp\htdocs\ENCHERE2\system\Database\BaseConnection.php(575): CodeIgniter\Database\BaseConnection->initialize()
#3 C:\xampp\htdocs\ENCHERE2\app\Models\Modele.php(189): CodeIgniter\Database\BaseConnection->query('SELECT id_vente...')
#4 C:\xampp\htdocs\ENCHERE2\app\Controllers\Enchere.php(24): App\Models\Modele->mettreAJourStatutsVentes()
#5 C:\xampp\htdocs\ENCHERE2\system\CodeIgniter.php(942): App\Controllers\Enchere->index()
#6 C:\xampp\htdocs\ENCHERE2\system\CodeIgniter.php(502): CodeIgniter\CodeIgniter->runController(Object(App\Controllers\Enchere))
#7 C:\xampp\htdocs\ENCHERE2\system\CodeIgniter.php(361): CodeIgniter\CodeIgniter->handleRequest(NULL, Object(Config\Cache), false)
#8 C:\xampp\htdocs\ENCHERE2\public\index.php(79): CodeIgniter\CodeIgniter->run()
#9 {main}

Next CodeIgniter\Database\Exceptions\DatabaseException: Une tentative de connexion a échoué car le parti connecté n’a pas répondu convenablement au-delà d’une certaine durée ou une connexion établie a échoué car l’hôte de connexion n’a pas répondu in C:\xampp\htdocs\ENCHERE2\system\Database\MySQLi\Connection.php:229
Stack trace:
#0 C:\xampp\htdocs\ENCHERE2\system\Database\BaseConnection.php(392): CodeIgniter\Database\MySQLi\Connection->connect(false)
#1 C:\xampp\htdocs\ENCHERE2\system\Database\BaseConnection.php(575): CodeIgniter\Database\BaseConnection->initialize()
#2 C:\xampp\htdocs\ENCHERE2\app\Models\Modele.php(189): CodeIgniter\Database\BaseConnection->query('SELECT id_vente...')
#3 C:\xampp\htdocs\ENCHERE2\app\Controllers\Enchere.php(24): App\Models\Modele->mettreAJourStatutsVentes()
#4 C:\xampp\htdocs\ENCHERE2\system\CodeIgniter.php(942): App\Controllers\Enchere->index()
#5 C:\xampp\htdocs\ENCHERE2\system\CodeIgniter.php(502): CodeIgniter\CodeIgniter->runController(Object(App\Controllers\Enchere))
#6 C:\xampp\htdocs\ENCHERE2\system\CodeIgniter.php(361): CodeIgniter\CodeIgniter->handleRequest(NULL, Object(Config\Cache), false)
#7 C:\xampp\htdocs\ENCHERE2\public\index.php(79): CodeIgniter\CodeIgniter->run()
#8 {main}
CRITICAL - 2026-03-11 12:07:52 --> Unable to connect to the database.
Main connection [MySQLi]: Une tentative de connexion a échoué car le parti connecté n’a pas répondu convenablement au-delà d’une certaine durée ou une connexion établie a échoué car l’hôte de connexion n’a pas répondu
in SYSTEMPATH\Database\BaseConnection.php on line 428.
 1 SYSTEMPATH\Database\BaseConnection.php(575): CodeIgniter\Database\BaseConnection->initialize()
 2 APPPATH\Models\Modele.php(189): CodeIgniter\Database\BaseConnection->query('SELECT id_vente, titre FROM ventes WHERE etat=\'a_venir\' AND date_debut <= \'2026-03-11 12:07:42\'')
 3 APPPATH\Controllers\Enchere.php(24): App\Models\Modele->mettreAJourStatutsVentes()
 4 SYSTEMPATH\CodeIgniter.php(942): App\Controllers\Enchere->index()
 5 SYSTEMPATH\CodeIgniter.php(502): CodeIgniter\CodeIgniter->runController(Object(App\Controllers\Enchere))
 6 SYSTEMPATH\CodeIgniter.php(361): CodeIgniter\CodeIgniter->handleRequest(null, Object(Config\Cache), false)
 7 FCPATH\index.php(79): CodeIgniter\CodeIgniter->run()
ERROR - 2026-03-11 12:07:52 --> Error connecting to the database: mysqli_sql_exception: Une tentative de connexion a échoué car le parti connecté n’a pas répondu convenablement au-delà d’une certaine durée ou une connexion établie a échoué car l’hôte de connexion n’a pas répondu in C:\xampp\htdocs\ENCHERE2\system\Database\MySQLi\Connection.php:184
Stack trace:
#0 C:\xampp\htdocs\ENCHERE2\system\Database\MySQLi\Connection.php(184): mysqli->real_connect('172.16.203.111', 'sio', Object(SensitiveParameterValue), 'enchere_a_porte...', 3306, '', 0)
#1 C:\xampp\htdocs\ENCHERE2\system\Database\BaseConnection.php(392): CodeIgniter\Database\MySQLi\Connection->connect(false)
#2 C:\xampp\htdocs\ENCHERE2\system\Database\BaseConnection.php(575): CodeIgniter\Database\BaseConnection->initialize()
#3 C:\xampp\htdocs\ENCHERE2\app\Models\Modele.php(189): CodeIgniter\Database\BaseConnection->query('SELECT id_vente...')
#4 C:\xampp\htdocs\ENCHERE2\app\Controllers\Enchere.php(24): App\Models\Modele->mettreAJourStatutsVentes()
#5 C:\xampp\htdocs\ENCHERE2\system\CodeIgniter.php(942): App\Controllers\Enchere->index()
#6 C:\xampp\htdocs\ENCHERE2\system\CodeIgniter.php(502): CodeIgniter\CodeIgniter->runController(Object(App\Controllers\Enchere))
#7 C:\xampp\htdocs\ENCHERE2\system\CodeIgniter.php(361): CodeIgniter\CodeIgniter->handleRequest(NULL, Object(Config\Cache), false)
#8 C:\xampp\htdocs\ENCHERE2\public\index.php(79): CodeIgniter\CodeIgniter->run()
#9 {main}

Next CodeIgniter\Database\Exceptions\DatabaseException: Une tentative de connexion a échoué car le parti connecté n’a pas répondu convenablement au-delà d’une certaine durée ou une connexion établie a échoué car l’hôte de connexion n’a pas répondu in C:\xampp\htdocs\ENCHERE2\system\Database\MySQLi\Connection.php:229
Stack trace:
#0 C:\xampp\htdocs\ENCHERE2\system\Database\BaseConnection.php(392): CodeIgniter\Database\MySQLi\Connection->connect(false)
#1 C:\xampp\htdocs\ENCHERE2\system\Database\BaseConnection.php(575): CodeIgniter\Database\BaseConnection->initialize()
#2 C:\xampp\htdocs\ENCHERE2\app\Models\Modele.php(189): CodeIgniter\Database\BaseConnection->query('SELECT id_vente...')
#3 C:\xampp\htdocs\ENCHERE2\app\Controllers\Enchere.php(24): App\Models\Modele->mettreAJourStatutsVentes()
#4 C:\xampp\htdocs\ENCHERE2\system\CodeIgniter.php(942): App\Controllers\Enchere->index()
#5 C:\xampp\htdocs\ENCHERE2\system\CodeIgniter.php(502): CodeIgniter\CodeIgniter->runController(Object(App\Controllers\Enchere))
#6 C:\xampp\htdocs\ENCHERE2\system\CodeIgniter.php(361): CodeIgniter\CodeIgniter->handleRequest(NULL, Object(Config\Cache), false)
#7 C:\xampp\htdocs\ENCHERE2\public\index.php(79): CodeIgniter\CodeIgniter->run()
#8 {main}
CRITICAL - 2026-03-11 12:07:52 --> Unable to connect to the database.
Main connection [MySQLi]: Une tentative de connexion a échoué car le parti connecté n’a pas répondu convenablement au-delà d’une certaine durée ou une connexion établie a échoué car l’hôte de connexion n’a pas répondu
in SYSTEMPATH\Database\BaseConnection.php on line 428.
 1 SYSTEMPATH\Database\BaseConnection.php(575): CodeIgniter\Database\BaseConnection->initialize()
 2 APPPATH\Models\Modele.php(189): CodeIgniter\Database\BaseConnection->query('SELECT id_vente, titre FROM ventes WHERE etat=\'a_venir\' AND date_debut <= \'2026-03-11 12:07:42\'')
 3 APPPATH\Controllers\Enchere.php(24): App\Models\Modele->mettreAJourStatutsVentes()
 4 SYSTEMPATH\CodeIgniter.php(942): App\Controllers\Enchere->index()
 5 SYSTEMPATH\CodeIgniter.php(502): CodeIgniter\CodeIgniter->runController(Object(App\Controllers\Enchere))
 6 SYSTEMPATH\CodeIgniter.php(361): CodeIgniter\CodeIgniter->handleRequest(null, Object(Config\Cache), false)
 7 FCPATH\index.php(79): CodeIgniter\CodeIgniter->run()
ERROR - 2026-03-11 12:07:52 --> Error connecting to the database: mysqli_sql_exception: Une tentative de connexion a échoué car le parti connecté n’a pas répondu convenablement au-delà d’une certaine durée ou une connexion établie a échoué car l’hôte de connexion n’a pas répondu in C:\xampp\htdocs\ENCHERE2\system\Database\MySQLi\Connection.php:184
Stack trace:
#0 C:\xampp\htdocs\ENCHERE2\system\Database\MySQLi\Connection.php(184): mysqli->real_connect('172.16.203.111', 'sio', Object(SensitiveParameterValue), 'enchere_a_porte...', 3306, '', 0)
#1 C:\xampp\htdocs\ENCHERE2\system\Database\BaseConnection.php(392): CodeIgniter\Database\MySQLi\Connection->connect(false)
#2 C:\xampp\htdocs\ENCHERE2\system\Database\BaseConnection.php(575): CodeIgniter\Database\BaseConnection->initialize()
#3 C:\xampp\htdocs\ENCHERE2\app\Models\Modele.php(189): CodeIgniter\Database\BaseConnection->query('SELECT id_vente...')
#4 C:\xampp\htdocs\ENCHERE2\app\Controllers\Enchere.php(24): App\Models\Modele->mettreAJourStatutsVentes()
#5 C:\xampp\htdocs\ENCHERE2\system\CodeIgniter.php(942): App\Controllers\Enchere->index()
#6 C:\xampp\htdocs\ENCHERE2\system\CodeIgniter.php(502): CodeIgniter\CodeIgniter->runController(Object(App\Controllers\Enchere))
#7 C:\xampp\htdocs\ENCHERE2\system\CodeIgniter.php(361): CodeIgniter\CodeIgniter->handleRequest(NULL, Object(Config\Cache), false)
#8 C:\xampp\htdocs\ENCHERE2\public\index.php(79): CodeIgniter\CodeIgniter->run()
#9 {main}

Next CodeIgniter\Database\Exceptions\DatabaseException: Une tentative de connexion a échoué car le parti connecté n’a pas répondu convenablement au-delà d’une certaine durée ou une connexion établie a échoué car l’hôte de connexion n’a pas répondu in C:\xampp\htdocs\ENCHERE2\system\Database\MySQLi\Connection.php:229
Stack trace:
#0 C:\xampp\htdocs\ENCHERE2\system\Database\BaseConnection.php(392): CodeIgniter\Database\MySQLi\Connection->connect(false)
#1 C:\xampp\htdocs\ENCHERE2\system\Database\BaseConnection.php(575): CodeIgniter\Database\BaseConnection->initialize()
#2 C:\xampp\htdocs\ENCHERE2\app\Models\Modele.php(189): CodeIgniter\Database\BaseConnection->query('SELECT id_vente...')
#3 C:\xampp\htdocs\ENCHERE2\app\Controllers\Enchere.php(24): App\Models\Modele->mettreAJourStatutsVentes()
#4 C:\xampp\htdocs\ENCHERE2\system\CodeIgniter.php(942): App\Controllers\Enchere->index()
#5 C:\xampp\htdocs\ENCHERE2\system\CodeIgniter.php(502): CodeIgniter\CodeIgniter->runController(Object(App\Controllers\Enchere))
#6 C:\xampp\htdocs\ENCHERE2\system\CodeIgniter.php(361): CodeIgniter\CodeIgniter->handleRequest(NULL, Object(Config\Cache), false)
#7 C:\xampp\htdocs\ENCHERE2\public\index.php(79): CodeIgniter\CodeIgniter->run()
#8 {main}
CRITICAL - 2026-03-11 12:07:52 --> Unable to connect to the database.
Main connection [MySQLi]: Une tentative de connexion a échoué car le parti connecté n’a pas répondu convenablement au-delà d’une certaine durée ou une connexion établie a échoué car l’hôte de connexion n’a pas répondu
in SYSTEMPATH\Database\BaseConnection.php on line 428.
 1 SYSTEMPATH\Database\BaseConnection.php(575): CodeIgniter\Database\BaseConnection->initialize()
 2 APPPATH\Models\Modele.php(189): CodeIgniter\Database\BaseConnection->query('SELECT id_vente, titre FROM ventes WHERE etat=\'a_venir\' AND date_debut <= \'2026-03-11 12:07:42\'')
 3 APPPATH\Controllers\Enchere.php(24): App\Models\Modele->mettreAJourStatutsVentes()
 4 SYSTEMPATH\CodeIgniter.php(942): App\Controllers\Enchere->index()
 5 SYSTEMPATH\CodeIgniter.php(502): CodeIgniter\CodeIgniter->runController(Object(App\Controllers\Enchere))
 6 SYSTEMPATH\CodeIgniter.php(361): CodeIgniter\CodeIgniter->handleRequest(null, Object(Config\Cache), false)
 7 FCPATH\index.php(79): CodeIgniter\CodeIgniter->run()
ERROR - 2026-03-11 12:07:52 --> Error connecting to the database: mysqli_sql_exception: Une tentative de connexion a échoué car le parti connecté n’a pas répondu convenablement au-delà d’une certaine durée ou une connexion établie a échoué car l’hôte de connexion n’a pas répondu in C:\xampp\htdocs\ENCHERE2\system\Database\MySQLi\Connection.php:184
Stack trace:
#0 C:\xampp\htdocs\ENCHERE2\system\Database\MySQLi\Connection.php(184): mysqli->real_connect('172.16.203.111', 'sio', Object(SensitiveParameterValue), 'enchere_a_porte...', 3306, '', 0)
#1 C:\xampp\htdocs\ENCHERE2\system\Database\BaseConnection.php(392): CodeIgniter\Database\MySQLi\Connection->connect(false)
#2 C:\xampp\htdocs\ENCHERE2\system\Database\BaseConnection.php(575): CodeIgniter\Database\BaseConnection->initialize()
#3 C:\xampp\htdocs\ENCHERE2\app\Models\Modele.php(189): CodeIgniter\Database\BaseConnection->query('SELECT id_vente...')
#4 C:\xampp\htdocs\ENCHERE2\app\Controllers\Enchere.php(24): App\Models\Modele->mettreAJourStatutsVentes()
#5 C:\xampp\htdocs\ENCHERE2\system\CodeIgniter.php(942): App\Controllers\Enchere->index()
#6 C:\xampp\htdocs\ENCHERE2\system\CodeIgniter.php(502): CodeIgniter\CodeIgniter->runController(Object(App\Controllers\Enchere))
#7 C:\xampp\htdocs\ENCHERE2\system\CodeIgniter.php(361): CodeIgniter\CodeIgniter->handleRequest(NULL, Object(Config\Cache), false)
#8 C:\xampp\htdocs\ENCHERE2\public\index.php(79): CodeIgniter\CodeIgniter->run()
#9 {main}

Next CodeIgniter\Database\Exceptions\DatabaseException: Une tentative de connexion a échoué car le parti connecté n’a pas répondu convenablement au-delà d’une certaine durée ou une connexion établie a échoué car l’hôte de connexion n’a pas répondu in C:\xampp\htdocs\ENCHERE2\system\Database\MySQLi\Connection.php:229
Stack trace:
#0 C:\xampp\htdocs\ENCHERE2\system\Database\BaseConnection.php(392): CodeIgniter\Database\MySQLi\Connection->connect(false)
#1 C:\xampp\htdocs\ENCHERE2\system\Database\BaseConnection.php(575): CodeIgniter\Database\BaseConnection->initialize()
#2 C:\xampp\htdocs\ENCHERE2\app\Models\Modele.php(189): CodeIgniter\Database\BaseConnection->query('SELECT id_vente...')
#3 C:\xampp\htdocs\ENCHERE2\app\Controllers\Enchere.php(24): App\Models\Modele->mettreAJourStatutsVentes()
#4 C:\xampp\htdocs\ENCHERE2\system\CodeIgniter.php(942): App\Controllers\Enchere->index()
#5 C:\xampp\htdocs\ENCHERE2\system\CodeIgniter.php(502): CodeIgniter\CodeIgniter->runController(Object(App\Controllers\Enchere))
#6 C:\xampp\htdocs\ENCHERE2\system\CodeIgniter.php(361): CodeIgniter\CodeIgniter->handleRequest(NULL, Object(Config\Cache), false)
#7 C:\xampp\htdocs\ENCHERE2\public\index.php(79): CodeIgniter\CodeIgniter->run()
#8 {main}
CRITICAL - 2026-03-11 12:07:52 --> Unable to connect to the database.
Main connection [MySQLi]: Une tentative de connexion a échoué car le parti connecté n’a pas répondu convenablement au-delà d’une certaine durée ou une connexion établie a échoué car l’hôte de connexion n’a pas répondu
in SYSTEMPATH\Database\BaseConnection.php on line 428.
 1 SYSTEMPATH\Database\BaseConnection.php(575): CodeIgniter\Database\BaseConnection->initialize()
 2 APPPATH\Models\Modele.php(189): CodeIgniter\Database\BaseConnection->query('SELECT id_vente, titre FROM ventes WHERE etat=\'a_venir\' AND date_debut <= \'2026-03-11 12:07:42\'')
 3 APPPATH\Controllers\Enchere.php(24): App\Models\Modele->mettreAJourStatutsVentes()
 4 SYSTEMPATH\CodeIgniter.php(942): App\Controllers\Enchere->index()
 5 SYSTEMPATH\CodeIgniter.php(502): CodeIgniter\CodeIgniter->runController(Object(App\Controllers\Enchere))
 6 SYSTEMPATH\CodeIgniter.php(361): CodeIgniter\CodeIgniter->handleRequest(null, Object(Config\Cache), false)
 7 FCPATH\index.php(79): CodeIgniter\CodeIgniter->run()
ERROR - 2026-03-11 12:07:53 --> Error connecting to the database: mysqli_sql_exception: Une tentative de connexion a échoué car le parti connecté n’a pas répondu convenablement au-delà d’une certaine durée ou une connexion établie a échoué car l’hôte de connexion n’a pas répondu in C:\xampp\htdocs\ENCHERE2\system\Database\MySQLi\Connection.php:184
Stack trace:
#0 C:\xampp\htdocs\ENCHERE2\system\Database\MySQLi\Connection.php(184): mysqli->real_connect('172.16.203.111', 'sio', Object(SensitiveParameterValue), 'enchere_a_porte...', 3306, '', 0)
#1 C:\xampp\htdocs\ENCHERE2\system\Database\BaseConnection.php(392): CodeIgniter\Database\MySQLi\Connection->connect(false)
#2 C:\xampp\htdocs\ENCHERE2\system\Database\BaseConnection.php(575): CodeIgniter\Database\BaseConnection->initialize()
#3 C:\xampp\htdocs\ENCHERE2\app\Models\Modele.php(189): CodeIgniter\Database\BaseConnection->query('SELECT id_vente...')
#4 C:\xampp\htdocs\ENCHERE2\app\Controllers\Enchere.php(24): App\Models\Modele->mettreAJourStatutsVentes()
#5 C:\xampp\htdocs\ENCHERE2\system\CodeIgniter.php(942): App\Controllers\Enchere->index()
#6 C:\xampp\htdocs\ENCHERE2\system\CodeIgniter.php(502): CodeIgniter\CodeIgniter->runController(Object(App\Controllers\Enchere))
#7 C:\xampp\htdocs\ENCHERE2\system\CodeIgniter.php(361): CodeIgniter\CodeIgniter->handleRequest(NULL, Object(Config\Cache), false)
#8 C:\xampp\htdocs\ENCHERE2\public\index.php(79): CodeIgniter\CodeIgniter->run()
#9 {main}

Next CodeIgniter\Database\Exceptions\DatabaseException: Une tentative de connexion a échoué car le parti connecté n’a pas répondu convenablement au-delà d’une certaine durée ou une connexion établie a échoué car l’hôte de connexion n’a pas répondu in C:\xampp\htdocs\ENCHERE2\system\Database\MySQLi\Connection.php:229
Stack trace:
#0 C:\xampp\htdocs\ENCHERE2\system\Database\BaseConnection.php(392): CodeIgniter\Database\MySQLi\Connection->connect(false)
#1 C:\xampp\htdocs\ENCHERE2\system\Database\BaseConnection.php(575): CodeIgniter\Database\BaseConnection->initialize()
#2 C:\xampp\htdocs\ENCHERE2\app\Models\Modele.php(189): CodeIgniter\Database\BaseConnection->query('SELECT id_vente...')
#3 C:\xampp\htdocs\ENCHERE2\app\Controllers\Enchere.php(24): App\Models\Modele->mettreAJourStatutsVentes()
#4 C:\xampp\htdocs\ENCHERE2\system\CodeIgniter.php(942): App\Controllers\Enchere->index()
#5 C:\xampp\htdocs\ENCHERE2\system\CodeIgniter.php(502): CodeIgniter\CodeIgniter->runController(Object(App\Controllers\Enchere))
#6 C:\xampp\htdocs\ENCHERE2\system\CodeIgniter.php(361): CodeIgniter\CodeIgniter->handleRequest(NULL, Object(Config\Cache), false)
#7 C:\xampp\htdocs\ENCHERE2\public\index.php(79): CodeIgniter\CodeIgniter->run()
#8 {main}
CRITICAL - 2026-03-11 12:07:53 --> Unable to connect to the database.
Main connection [MySQLi]: Une tentative de connexion a échoué car le parti connecté n’a pas répondu convenablement au-delà d’une certaine durée ou une connexion établie a échoué car l’hôte de connexion n’a pas répondu
in SYSTEMPATH\Database\BaseConnection.php on line 428.
 1 SYSTEMPATH\Database\BaseConnection.php(575): CodeIgniter\Database\BaseConnection->initialize()
 2 APPPATH\Models\Modele.php(189): CodeIgniter\Database\BaseConnection->query('SELECT id_vente, titre FROM ventes WHERE etat=\'a_venir\' AND date_debut <= \'2026-03-11 12:07:43\'')
 3 APPPATH\Controllers\Enchere.php(24): App\Models\Modele->mettreAJourStatutsVentes()
 4 SYSTEMPATH\CodeIgniter.php(942): App\Controllers\Enchere->index()
 5 SYSTEMPATH\CodeIgniter.php(502): CodeIgniter\CodeIgniter->runController(Object(App\Controllers\Enchere))
 6 SYSTEMPATH\CodeIgniter.php(361): CodeIgniter\CodeIgniter->handleRequest(null, Object(Config\Cache), false)
 7 FCPATH\index.php(79): CodeIgniter\CodeIgniter->run()
ERROR - 2026-03-11 12:07:53 --> Error connecting to the database: mysqli_sql_exception: Une tentative de connexion a échoué car le parti connecté n’a pas répondu convenablement au-delà d’une certaine durée ou une connexion établie a échoué car l’hôte de connexion n’a pas répondu in C:\xampp\htdocs\ENCHERE2\system\Database\MySQLi\Connection.php:184
Stack trace:
#0 C:\xampp\htdocs\ENCHERE2\system\Database\MySQLi\Connection.php(184): mysqli->real_connect('172.16.203.111', 'sio', Object(SensitiveParameterValue), 'enchere_a_porte...', 3306, '', 0)
#1 C:\xampp\htdocs\ENCHERE2\system\Database\BaseConnection.php(392): CodeIgniter\Database\MySQLi\Connection->connect(false)
#2 C:\xampp\htdocs\ENCHERE2\system\Database\BaseConnection.php(575): CodeIgniter\Database\BaseConnection->initialize()
#3 C:\xampp\htdocs\ENCHERE2\app\Models\Modele.php(189): CodeIgniter\Database\BaseConnection->query('SELECT id_vente...')
#4 C:\xampp\htdocs\ENCHERE2\app\Controllers\Enchere.php(24): App\Models\Modele->mettreAJourStatutsVentes()
#5 C:\xampp\htdocs\ENCHERE2\system\CodeIgniter.php(942): App\Controllers\Enchere->index()
#6 C:\xampp\htdocs\ENCHERE2\system\CodeIgniter.php(502): CodeIgniter\CodeIgniter->runController(Object(App\Controllers\Enchere))
#7 C:\xampp\htdocs\ENCHERE2\system\CodeIgniter.php(361): CodeIgniter\CodeIgniter->handleRequest(NULL, Object(Config\Cache), false)
#8 C:\xampp\htdocs\ENCHERE2\public\index.php(79): CodeIgniter\CodeIgniter->run()
#9 {main}

Next CodeIgniter\Database\Exceptions\DatabaseException: Une tentative de connexion a échoué car le parti connecté n’a pas répondu convenablement au-delà d’une certaine durée ou une connexion établie a échoué car l’hôte de connexion n’a pas répondu in C:\xampp\htdocs\ENCHERE2\system\Database\MySQLi\Connection.php:229
Stack trace:
#0 C:\xampp\htdocs\ENCHERE2\system\Database\BaseConnection.php(392): CodeIgniter\Database\MySQLi\Connection->connect(false)
#1 C:\xampp\htdocs\ENCHERE2\system\Database\BaseConnection.php(575): CodeIgniter\Database\BaseConnection->initialize()
#2 C:\xampp\htdocs\ENCHERE2\app\Models\Modele.php(189): CodeIgniter\Database\BaseConnection->query('SELECT id_vente...')
#3 C:\xampp\htdocs\ENCHERE2\app\Controllers\Enchere.php(24): App\Models\Modele->mettreAJourStatutsVentes()
#4 C:\xampp\htdocs\ENCHERE2\system\CodeIgniter.php(942): App\Controllers\Enchere->index()
#5 C:\xampp\htdocs\ENCHERE2\system\CodeIgniter.php(502): CodeIgniter\CodeIgniter->runController(Object(App\Controllers\Enchere))
#6 C:\xampp\htdocs\ENCHERE2\system\CodeIgniter.php(361): CodeIgniter\CodeIgniter->handleRequest(NULL, Object(Config\Cache), false)
#7 C:\xampp\htdocs\ENCHERE2\public\index.php(79): CodeIgniter\CodeIgniter->run()
#8 {main}
CRITICAL - 2026-03-11 12:07:53 --> Unable to connect to the database.
Main connection [MySQLi]: Une tentative de connexion a échoué car le parti connecté n’a pas répondu convenablement au-delà d’une certaine durée ou une connexion établie a échoué car l’hôte de connexion n’a pas répondu
in SYSTEMPATH\Database\BaseConnection.php on line 428.
 1 SYSTEMPATH\Database\BaseConnection.php(575): CodeIgniter\Database\BaseConnection->initialize()
 2 APPPATH\Models\Modele.php(189): CodeIgniter\Database\BaseConnection->query('SELECT id_vente, titre FROM ventes WHERE etat=\'a_venir\' AND date_debut <= \'2026-03-11 12:07:43\'')
 3 APPPATH\Controllers\Enchere.php(24): App\Models\Modele->mettreAJourStatutsVentes()
 4 SYSTEMPATH\CodeIgniter.php(942): App\Controllers\Enchere->index()
 5 SYSTEMPATH\CodeIgniter.php(502): CodeIgniter\CodeIgniter->runController(Object(App\Controllers\Enchere))
 6 SYSTEMPATH\CodeIgniter.php(361): CodeIgniter\CodeIgniter->handleRequest(null, Object(Config\Cache), false)
 7 FCPATH\index.php(79): CodeIgniter\CodeIgniter->run()
ERROR - 2026-03-11 12:07:54 --> Error connecting to the database: mysqli_sql_exception: Une tentative de connexion a échoué car le parti connecté n’a pas répondu convenablement au-delà d’une certaine durée ou une connexion établie a échoué car l’hôte de connexion n’a pas répondu in C:\xampp\htdocs\ENCHERE2\system\Database\MySQLi\Connection.php:184
Stack trace:
#0 C:\xampp\htdocs\ENCHERE2\system\Database\MySQLi\Connection.php(184): mysqli->real_connect('172.16.203.111', 'sio', Object(SensitiveParameterValue), 'enchere_a_porte...', 3306, '', 0)
#1 C:\xampp\htdocs\ENCHERE2\system\Database\BaseConnection.php(392): CodeIgniter\Database\MySQLi\Connection->connect(false)
#2 C:\xampp\htdocs\ENCHERE2\system\Database\BaseConnection.php(575): CodeIgniter\Database\BaseConnection->initialize()
#3 C:\xampp\htdocs\ENCHERE2\app\Models\Modele.php(189): CodeIgniter\Database\BaseConnection->query('SELECT id_vente...')
#4 C:\xampp\htdocs\ENCHERE2\app\Controllers\Enchere.php(24): App\Models\Modele->mettreAJourStatutsVentes()
#5 C:\xampp\htdocs\ENCHERE2\system\CodeIgniter.php(942): App\Controllers\Enchere->index()
#6 C:\xampp\htdocs\ENCHERE2\system\CodeIgniter.php(502): CodeIgniter\CodeIgniter->runController(Object(App\Controllers\Enchere))
#7 C:\xampp\htdocs\ENCHERE2\system\CodeIgniter.php(361): CodeIgniter\CodeIgniter->handleRequest(NULL, Object(Config\Cache), false)
#8 C:\xampp\htdocs\ENCHERE2\public\index.php(79): CodeIgniter\CodeIgniter->run()
#9 {main}

Next CodeIgniter\Database\Exceptions\DatabaseException: Une tentative de connexion a échoué car le parti connecté n’a pas répondu convenablement au-delà d’une certaine durée ou une connexion établie a échoué car l’hôte de connexion n’a pas répondu in C:\xampp\htdocs\ENCHERE2\system\Database\MySQLi\Connection.php:229
Stack trace:
#0 C:\xampp\htdocs\ENCHERE2\system\Database\BaseConnection.php(392): CodeIgniter\Database\MySQLi\Connection->connect(false)
#1 C:\xampp\htdocs\ENCHERE2\system\Database\BaseConnection.php(575): CodeIgniter\Database\BaseConnection->initialize()
#2 C:\xampp\htdocs\ENCHERE2\app\Models\Modele.php(189): CodeIgniter\Database\BaseConnection->query('SELECT id_vente...')
#3 C:\xampp\htdocs\ENCHERE2\app\Controllers\Enchere.php(24): App\Models\Modele->mettreAJourStatutsVentes()
#4 C:\xampp\htdocs\ENCHERE2\system\CodeIgniter.php(942): App\Controllers\Enchere->index()
#5 C:\xampp\htdocs\ENCHERE2\system\CodeIgniter.php(502): CodeIgniter\CodeIgniter->runController(Object(App\Controllers\Enchere))
#6 C:\xampp\htdocs\ENCHERE2\system\CodeIgniter.php(361): CodeIgniter\CodeIgniter->handleRequest(NULL, Object(Config\Cache), false)
#7 C:\xampp\htdocs\ENCHERE2\public\index.php(79): CodeIgniter\CodeIgniter->run()
#8 {main}
CRITICAL - 2026-03-11 12:07:54 --> Unable to connect to the database.
Main connection [MySQLi]: Une tentative de connexion a échoué car le parti connecté n’a pas répondu convenablement au-delà d’une certaine durée ou une connexion établie a échoué car l’hôte de connexion n’a pas répondu
in SYSTEMPATH\Database\BaseConnection.php on line 428.
 1 SYSTEMPATH\Database\BaseConnection.php(575): CodeIgniter\Database\BaseConnection->initialize()
 2 APPPATH\Models\Modele.php(189): CodeIgniter\Database\BaseConnection->query('SELECT id_vente, titre FROM ventes WHERE etat=\'a_venir\' AND date_debut <= \'2026-03-11 12:07:44\'')
 3 APPPATH\Controllers\Enchere.php(24): App\Models\Modele->mettreAJourStatutsVentes()
 4 SYSTEMPATH\CodeIgniter.php(942): App\Controllers\Enchere->index()
 5 SYSTEMPATH\CodeIgniter.php(502): CodeIgniter\CodeIgniter->runController(Object(App\Controllers\Enchere))
 6 SYSTEMPATH\CodeIgniter.php(361): CodeIgniter\CodeIgniter->handleRequest(null, Object(Config\Cache), false)
 7 FCPATH\index.php(79): CodeIgniter\CodeIgniter->run()
ERROR - 2026-03-11 12:07:57 --> Error connecting to the database: mysqli_sql_exception: Une tentative de connexion a échoué car le parti connecté n’a pas répondu convenablement au-delà d’une certaine durée ou une connexion établie a échoué car l’hôte de connexion n’a pas répondu in C:\xampp\htdocs\ENCHERE2\system\Database\MySQLi\Connection.php:184
Stack trace:
#0 C:\xampp\htdocs\ENCHERE2\system\Database\MySQLi\Connection.php(184): mysqli->real_connect('172.16.203.111', 'sio', Object(SensitiveParameterValue), 'enchere_a_porte...', 3306, '', 0)
#1 C:\xampp\htdocs\ENCHERE2\system\Database\BaseConnection.php(392): CodeIgniter\Database\MySQLi\Connection->connect(false)
#2 C:\xampp\htdocs\ENCHERE2\system\Database\BaseConnection.php(575): CodeIgniter\Database\BaseConnection->initialize()
#3 C:\xampp\htdocs\ENCHERE2\app\Models\Modele.php(189): CodeIgniter\Database\BaseConnection->query('SELECT id_vente...')
#4 C:\xampp\htdocs\ENCHERE2\app\Controllers\Enchere.php(24): App\Models\Modele->mettreAJourStatutsVentes()
#5 C:\xampp\htdocs\ENCHERE2\system\CodeIgniter.php(942): App\Controllers\Enchere->index()
#6 C:\xampp\htdocs\ENCHERE2\system\CodeIgniter.php(502): CodeIgniter\CodeIgniter->runController(Object(App\Controllers\Enchere))
#7 C:\xampp\htdocs\ENCHERE2\system\CodeIgniter.php(361): CodeIgniter\CodeIgniter->handleRequest(NULL, Object(Config\Cache), false)
#8 C:\xampp\htdocs\ENCHERE2\public\index.php(79): CodeIgniter\CodeIgniter->run()
#9 {main}

Next CodeIgniter\Database\Exceptions\DatabaseException: Une tentative de connexion a échoué car le parti connecté n’a pas répondu convenablement au-delà d’une certaine durée ou une connexion établie a échoué car l’hôte de connexion n’a pas répondu in C:\xampp\htdocs\ENCHERE2\system\Database\MySQLi\Connection.php:229
Stack trace:
#0 C:\xampp\htdocs\ENCHERE2\system\Database\BaseConnection.php(392): CodeIgniter\Database\MySQLi\Connection->connect(false)
#1 C:\xampp\htdocs\ENCHERE2\system\Database\BaseConnection.php(575): CodeIgniter\Database\BaseConnection->initialize()
#2 C:\xampp\htdocs\ENCHERE2\app\Models\Modele.php(189): CodeIgniter\Database\BaseConnection->query('SELECT id_vente...')
#3 C:\xampp\htdocs\ENCHERE2\app\Controllers\Enchere.php(24): App\Models\Modele->mettreAJourStatutsVentes()
#4 C:\xampp\htdocs\ENCHERE2\system\CodeIgniter.php(942): App\Controllers\Enchere->index()
#5 C:\xampp\htdocs\ENCHERE2\system\CodeIgniter.php(502): CodeIgniter\CodeIgniter->runController(Object(App\Controllers\Enchere))
#6 C:\xampp\htdocs\ENCHERE2\system\CodeIgniter.php(361): CodeIgniter\CodeIgniter->handleRequest(NULL, Object(Config\Cache), false)
#7 C:\xampp\htdocs\ENCHERE2\public\index.php(79): CodeIgniter\CodeIgniter->run()
#8 {main}
CRITICAL - 2026-03-11 12:07:57 --> Unable to connect to the database.
Main connection [MySQLi]: Une tentative de connexion a échoué car le parti connecté n’a pas répondu convenablement au-delà d’une certaine durée ou une connexion établie a échoué car l’hôte de connexion n’a pas répondu
in SYSTEMPATH\Database\BaseConnection.php on line 428.
 1 SYSTEMPATH\Database\BaseConnection.php(575): CodeIgniter\Database\BaseConnection->initialize()
 2 APPPATH\Models\Modele.php(189): CodeIgniter\Database\BaseConnection->query('SELECT id_vente, titre FROM ventes WHERE etat=\'a_venir\' AND date_debut <= \'2026-03-11 12:07:47\'')
 3 APPPATH\Controllers\Enchere.php(24): App\Models\Modele->mettreAJourStatutsVentes()
 4 SYSTEMPATH\CodeIgniter.php(942): App\Controllers\Enchere->index()
 5 SYSTEMPATH\CodeIgniter.php(502): CodeIgniter\CodeIgniter->runController(Object(App\Controllers\Enchere))
 6 SYSTEMPATH\CodeIgniter.php(361): CodeIgniter\CodeIgniter->handleRequest(null, Object(Config\Cache), false)
 7 FCPATH\index.php(79): CodeIgniter\CodeIgniter->run()
ERROR - 2026-03-11 12:07:57 --> Error connecting to the database: mysqli_sql_exception: Une tentative de connexion a échoué car le parti connecté n’a pas répondu convenablement au-delà d’une certaine durée ou une connexion établie a échoué car l’hôte de connexion n’a pas répondu in C:\xampp\htdocs\ENCHERE2\system\Database\MySQLi\Connection.php:184
Stack trace:
#0 C:\xampp\htdocs\ENCHERE2\system\Database\MySQLi\Connection.php(184): mysqli->real_connect('172.16.203.111', 'sio', Object(SensitiveParameterValue), 'enchere_a_porte...', 3306, '', 0)
#1 C:\xampp\htdocs\ENCHERE2\system\Database\BaseConnection.php(392): CodeIgniter\Database\MySQLi\Connection->connect(false)
#2 C:\xampp\htdocs\ENCHERE2\system\Database\BaseConnection.php(575): CodeIgniter\Database\BaseConnection->initialize()
#3 C:\xampp\htdocs\ENCHERE2\app\Models\Modele.php(189): CodeIgniter\Database\BaseConnection->query('SELECT id_vente...')
#4 C:\xampp\htdocs\ENCHERE2\app\Controllers\Enchere.php(24): App\Models\Modele->mettreAJourStatutsVentes()
#5 C:\xampp\htdocs\ENCHERE2\system\CodeIgniter.php(942): App\Controllers\Enchere->index()
#6 C:\xampp\htdocs\ENCHERE2\system\CodeIgniter.php(502): CodeIgniter\CodeIgniter->runController(Object(App\Controllers\Enchere))
#7 C:\xampp\htdocs\ENCHERE2\system\CodeIgniter.php(361): CodeIgniter\CodeIgniter->handleRequest(NULL, Object(Config\Cache), false)
#8 C:\xampp\htdocs\ENCHERE2\public\index.php(79): CodeIgniter\CodeIgniter->run()
#9 {main}

Next CodeIgniter\Database\Exceptions\DatabaseException: Une tentative de connexion a échoué car le parti connecté n’a pas répondu convenablement au-delà d’une certaine durée ou une connexion établie a échoué car l’hôte de connexion n’a pas répondu in C:\xampp\htdocs\ENCHERE2\system\Database\MySQLi\Connection.php:229
Stack trace:
#0 C:\xampp\htdocs\ENCHERE2\system\Database\BaseConnection.php(392): CodeIgniter\Database\MySQLi\Connection->connect(false)
#1 C:\xampp\htdocs\ENCHERE2\system\Database\BaseConnection.php(575): CodeIgniter\Database\BaseConnection->initialize()
#2 C:\xampp\htdocs\ENCHERE2\app\Models\Modele.php(189): CodeIgniter\Database\BaseConnection->query('SELECT id_vente...')
#3 C:\xampp\htdocs\ENCHERE2\app\Controllers\Enchere.php(24): App\Models\Modele->mettreAJourStatutsVentes()
#4 C:\xampp\htdocs\ENCHERE2\system\CodeIgniter.php(942): App\Controllers\Enchere->index()
#5 C:\xampp\htdocs\ENCHERE2\system\CodeIgniter.php(502): CodeIgniter\CodeIgniter->runController(Object(App\Controllers\Enchere))
#6 C:\xampp\htdocs\ENCHERE2\system\CodeIgniter.php(361): CodeIgniter\CodeIgniter->handleRequest(NULL, Object(Config\Cache), false)
#7 C:\xampp\htdocs\ENCHERE2\public\index.php(79): CodeIgniter\CodeIgniter->run()
#8 {main}
CRITICAL - 2026-03-11 12:07:57 --> Unable to connect to the database.
Main connection [MySQLi]: Une tentative de connexion a échoué car le parti connecté n’a pas répondu convenablement au-delà d’une certaine durée ou une connexion établie a échoué car l’hôte de connexion n’a pas répondu
in SYSTEMPATH\Database\BaseConnection.php on line 428.
 1 SYSTEMPATH\Database\BaseConnection.php(575): CodeIgniter\Database\BaseConnection->initialize()
 2 APPPATH\Models\Modele.php(189): CodeIgniter\Database\BaseConnection->query('SELECT id_vente, titre FROM ventes WHERE etat=\'a_venir\' AND date_debut <= \'2026-03-11 12:07:47\'')
 3 APPPATH\Controllers\Enchere.php(24): App\Models\Modele->mettreAJourStatutsVentes()
 4 SYSTEMPATH\CodeIgniter.php(942): App\Controllers\Enchere->index()
 5 SYSTEMPATH\CodeIgniter.php(502): CodeIgniter\CodeIgniter->runController(Object(App\Controllers\Enchere))
 6 SYSTEMPATH\CodeIgniter.php(361): CodeIgniter\CodeIgniter->handleRequest(null, Object(Config\Cache), false)
 7 FCPATH\index.php(79): CodeIgniter\CodeIgniter->run()
INFO - 2026-03-11 12:19:30 --> Session: Class initialized using 'CodeIgniter\Session\Handlers\FileHandler' driver.
INFO - 2026-03-11 12:19:36 --> Session: Class initialized using 'CodeIgniter\Session\Handlers\FileHandler' driver.
INFO - 2026-03-11 12:19:36 --> Session: Class initialized using 'CodeIgniter\Session\Handlers\FileHandler' driver.
INFO - 2026-03-11 12:20:04 --> Session: Class initialized using 'CodeIgniter\Session\Handlers\FileHandler' driver.
INFO - 2026-03-11 12:20:39 --> CSRF token verified.
INFO - 2026-03-11 12:20:39 --> Session: Class initialized using 'CodeIgniter\Session\Handlers\FileHandler' driver.
INFO - 2026-03-11 12:21:07 --> CSRF token verified.
INFO - 2026-03-11 12:21:07 --> Session: Class initialized using 'CodeIgniter\Session\Handlers\FileHandler' driver.
INFO - 2026-03-11 12:21:07 --> Session: Class initialized using 'CodeIgniter\Session\Handlers\FileHandler' driver.
INFO - 2026-03-11 12:21:17 --> Session: Class initialized using 'CodeIgniter\Session\Handlers\FileHandler' driver.
INFO - 2026-03-11 12:24:21 --> Session: Class initialized using 'CodeIgniter\Session\Handlers\FileHandler' driver.
INFO - 2026-03-11 12:24:23 --> Session: Class initialized using 'CodeIgniter\Session\Handlers\FileHandler' driver.
INFO - 2026-03-11 12:24:23 --> Session: Class initialized using 'CodeIgniter\Session\Handlers\FileHandler' driver.
INFO - 2026-03-11 12:24:24 --> Session: Class initialized using 'CodeIgniter\Session\Handlers\FileHandler' driver.
INFO - 2026-03-11 12:24:24 --> Session: Class initialized using 'CodeIgniter\Session\Handlers\FileHandler' driver.
INFO - 2026-03-11 12:24:25 --> Session: Class initialized using 'CodeIgniter\Session\Handlers\FileHandler' driver.
INFO - 2026-03-11 12:24:26 --> Session: Class initialized using 'CodeIgniter\Session\Handlers\FileHandler' driver.
INFO - 2026-03-11 12:25:41 --> CSRF token verified.
INFO - 2026-03-11 12:25:41 --> Session: Class initialized using 'CodeIgniter\Session\Handlers\FileHandler' driver.
INFO - 2026-03-11 12:25:41 --> Session: Class initialized using 'CodeIgniter\Session\Handlers\FileHandler' driver.
CRITICAL - 2026-03-11 12:25:42 --> Undefined variable $evolutionEncheres
in APPPATH\Views\dashboard.php on line 438.
 1 APPPATH\Views\dashboard.php(438): CodeIgniter\Debug\Exceptions->errorHandler(2, 'Undefined variable $evolutionEncheres', 'C:\\xampp\\htdocs\\ENCHERE2\\app\\Views\\dashboard.php', 438)
 2 SYSTEMPATH\View\View.php(228): include('C:\\xampp\\htdocs\\ENCHERE2\\app\\Views\\dashboard.php')
 3 SYSTEMPATH\View\View.php(231): CodeIgniter\View\View->CodeIgniter\View\{closure}()
 4 SYSTEMPATH\Common.php(1190): CodeIgniter\View\View->render('dashboard', [], true)
 5 APPPATH\Controllers\Enchere.php(637): view('dashboard', [...])
 6 SYSTEMPATH\CodeIgniter.php(942): App\Controllers\Enchere->dashboard()
 7 SYSTEMPATH\CodeIgniter.php(502): CodeIgniter\CodeIgniter->runController(Object(App\Controllers\Enchere))
 8 SYSTEMPATH\CodeIgniter.php(361): CodeIgniter\CodeIgniter->handleRequest(null, Object(Config\Cache), false)
 9 FCPATH\index.php(79): CodeIgniter\CodeIgniter->run()
INFO - 2026-03-11 12:27:13 --> Session: Class initialized using 'CodeIgniter\Session\Handlers\FileHandler' driver.
INFO - 2026-03-11 12:27:34 --> Session: Class initialized using 'CodeIgniter\Session\Handlers\FileHandler' driver.
INFO - 2026-03-11 12:27:51 --> Session: Class initialized using 'CodeIgniter\Session\Handlers\FileHandler' driver.
INFO - 2026-03-11 12:27:56 --> Session: Class initialized using 'CodeIgniter\Session\Handlers\FileHandler' driver.
INFO - 2026-03-11 12:28:05 --> Session: Class initialized using 'CodeIgniter\Session\Handlers\FileHandler' driver.
INFO - 2026-03-11 12:28:08 --> Session: Class initialized using 'CodeIgniter\Session\Handlers\FileHandler' driver.
INFO - 2026-03-11 12:28:13 --> Session: Class initialized using 'CodeIgniter\Session\Handlers\FileHandler' driver.
INFO - 2026-03-11 12:28:25 --> Session: Class initialized using 'CodeIgniter\Session\Handlers\FileHandler' driver.
INFO - 2026-03-11 12:28:30 --> Session: Class initialized using 'CodeIgniter\Session\Handlers\FileHandler' driver.
INFO - 2026-03-11 12:28:35 --> Session: Class initialized using 'CodeIgniter\Session\Handlers\FileHandler' driver.
INFO - 2026-03-11 20:37:06 --> Session: Class initialized using 'CodeIgniter\Session\Handlers\FileHandler' driver.
INFO - 2026-03-11 20:37:10 --> Session: Class initialized using 'CodeIgniter\Session\Handlers\FileHandler' driver.
INFO - 2026-03-11 20:37:10 --> Session: Class initialized using 'CodeIgniter\Session\Handlers\FileHandler' driver.
INFO - 2026-03-11 20:37:24 --> CSRF token verified.
INFO - 2026-03-11 20:37:29 --> CSRF token verified.
INFO - 2026-03-11 20:37:29 --> Session: Class initialized using 'CodeIgniter\Session\Handlers\FileHandler' driver.
INFO - 2026-03-11 20:37:29 --> Session: Class initialized using 'CodeIgniter\Session\Handlers\FileHandler' driver.
INFO - 2026-03-11 20:37:34 --> Session: Class initialized using 'CodeIgniter\Session\Handlers\FileHandler' driver.
INFO - 2026-03-11 20:37:37 --> Session: Class initialized using 'CodeIgniter\Session\Handlers\FileHandler' driver.
INFO - 2026-03-11 20:37:39 --> Session: Class initialized using 'CodeIgniter\Session\Handlers\FileHandler' driver.
INFO - 2026-03-11 20:37:40 --> Session: Class initialized using 'CodeIgniter\Session\Handlers\FileHandler' driver.
INFO - 2026-03-11 20:37:42 --> Session: Class initialized using 'CodeIgniter\Session\Handlers\FileHandler' driver.
INFO - 2026-03-11 20:38:08 --> Session: Class initialized using 'CodeIgniter\Session\Handlers\FileHandler' driver.
INFO - 2026-03-11 20:47:39 --> Session: Class initialized using 'CodeIgniter\Session\Handlers\FileHandler' driver.
INFO - 2026-03-11 20:47:40 --> Session: Class initialized using 'CodeIgniter\Session\Handlers\FileHandler' driver.
INFO - 2026-03-11 20:47:41 --> Session: Class initialized using 'CodeIgniter\Session\Handlers\FileHandler' driver.
INFO - 2026-03-11 20:47:42 --> Session: Class initialized using 'CodeIgniter\Session\Handlers\FileHandler' driver.
INFO - 2026-03-11 20:47:44 --> Session: Class initialized using 'CodeIgniter\Session\Handlers\FileHandler' driver.
INFO - 2026-03-11 20:47:50 --> Session: Class initialized using 'CodeIgniter\Session\Handlers\FileHandler' driver.
INFO - 2026-03-11 20:47:54 --> Session: Class initialized using 'CodeIgniter\Session\Handlers\FileHandler' driver.
INFO - 2026-03-11 20:47:56 --> Session: Class initialized using 'CodeIgniter\Session\Handlers\FileHandler' driver.
INFO - 2026-03-11 20:47:59 --> Session: Class initialized using 'CodeIgniter\Session\Handlers\FileHandler' driver.
INFO - 2026-03-11 20:58:36 --> Session: Class initialized using 'CodeIgniter\Session\Handlers\FileHandler' driver.
INFO - 2026-03-11 20:59:27 --> Session: Class initialized using 'CodeIgniter\Session\Handlers\FileHandler' driver.
INFO - 2026-03-11 20:59:38 --> Session: Class initialized using 'CodeIgniter\Session\Handlers\FileHandler' driver.
INFO - 2026-03-11 21:03:46 --> Session: Class initialized using 'CodeIgniter\Session\Handlers\FileHandler' driver.
INFO - 2026-03-11 21:03:49 --> Session: Class initialized using 'CodeIgniter\Session\Handlers\FileHandler' driver.
INFO - 2026-03-11 21:07:53 --> CSRF token verified.
INFO - 2026-03-11 21:07:53 --> Session: Class initialized using 'CodeIgniter\Session\Handlers\FileHandler' driver.
INFO - 2026-03-11 21:07:53 --> Session: Class initialized using 'CodeIgniter\Session\Handlers\FileHandler' driver.
INFO - 2026-03-11 21:07:57 --> Session: Class initialized using 'CodeIgniter\Session\Handlers\FileHandler' driver.
INFO - 2026-03-11 21:07:59 --> Session: Class initialized using 'CodeIgniter\Session\Handlers\FileHandler' driver.
INFO - 2026-03-11 21:08:02 --> Session: Class initialized using 'CodeIgniter\Session\Handlers\FileHandler' driver.
INFO - 2026-03-11 21:08:07 --> Session: Class initialized using 'CodeIgniter\Session\Handlers\FileHandler' driver.
INFO - 2026-03-11 21:08:19 --> Session: Class initialized using 'CodeIgniter\Session\Handlers\FileHandler' driver.
INFO - 2026-03-11 21:08:24 --> Session: Class initialized using 'CodeIgniter\Session\Handlers\FileHandler' driver.
INFO - 2026-03-11 21:08:24 --> Session: Class initialized using 'CodeIgniter\Session\Handlers\FileHandler' driver.
INFO - 2026-03-11 21:08:39 --> CSRF token verified.
INFO - 2026-03-11 21:08:39 --> Session: Class initialized using 'CodeIgniter\Session\Handlers\FileHandler' driver.
INFO - 2026-03-11 21:08:40 --> Session: Class initialized using 'CodeIgniter\Session\Handlers\FileHandler' driver.
INFO - 2026-03-11 21:08:45 --> Session: Class initialized using 'CodeIgniter\Session\Handlers\FileHandler' driver.
INFO - 2026-03-11 21:08:55 --> Session: Class initialized using 'CodeIgniter\Session\Handlers\FileHandler' driver.
INFO - 2026-03-11 21:08:56 --> Session: Class initialized using 'CodeIgniter\Session\Handlers\FileHandler' driver.
INFO - 2026-03-11 21:15:44 --> Session: Class initialized using 'CodeIgniter\Session\Handlers\FileHandler' driver.
INFO - 2026-03-11 21:15:45 --> Session: Class initialized using 'CodeIgniter\Session\Handlers\FileHandler' driver.
INFO - 2026-03-11 21:15:46 --> Session: Class initialized using 'CodeIgniter\Session\Handlers\FileHandler' driver.
INFO - 2026-03-11 21:15:48 --> Session: Class initialized using 'CodeIgniter\Session\Handlers\FileHandler' driver.
INFO - 2026-03-11 21:15:51 --> Session: Class initialized using 'CodeIgniter\Session\Handlers\FileHandler' driver.
INFO - 2026-03-11 21:15:54 --> Session: Class initialized using 'CodeIgniter\Session\Handlers\FileHandler' driver.
INFO - 2026-03-11 21:15:55 --> Session: Class initialized using 'CodeIgniter\Session\Handlers\FileHandler' driver.
INFO - 2026-03-11 21:15:56 --> Session: Class initialized using 'CodeIgniter\Session\Handlers\FileHandler' driver.
INFO - 2026-03-11 21:15:57 --> Session: Class initialized using 'CodeIgniter\Session\Handlers\FileHandler' driver.
INFO - 2026-03-11 21:15:58 --> Session: Class initialized using 'CodeIgniter\Session\Handlers\FileHandler' driver.
INFO - 2026-03-11 21:15:59 --> Session: Class initialized using 'CodeIgniter\Session\Handlers\FileHandler' driver.
INFO - 2026-03-11 21:16:01 --> Session: Class initialized using 'CodeIgniter\Session\Handlers\FileHandler' driver.
INFO - 2026-03-11 21:16:02 --> Session: Class initialized using 'CodeIgniter\Session\Handlers\FileHandler' driver.
INFO - 2026-03-11 21:16:10 --> Session: Class initialized using 'CodeIgniter\Session\Handlers\FileHandler' driver.
INFO - 2026-03-11 21:16:13 --> Session: Class initialized using 'CodeIgniter\Session\Handlers\FileHandler' driver.
INFO - 2026-03-11 21:16:15 --> Session: Class initialized using 'CodeIgniter\Session\Handlers\FileHandler' driver.
INFO - 2026-03-11 21:16:16 --> Session: Class initialized using 'CodeIgniter\Session\Handlers\FileHandler' driver.
INFO - 2026-03-11 21:16:16 --> Session: Class initialized using 'CodeIgniter\Session\Handlers\FileHandler' driver.
INFO - 2026-03-11 21:16:33 --> CSRF token verified.
INFO - 2026-03-11 21:16:34 --> Session: Class initialized using 'CodeIgniter\Session\Handlers\FileHandler' driver.
INFO - 2026-03-11 21:16:34 --> Session: Class initialized using 'CodeIgniter\Session\Handlers\FileHandler' driver.
INFO - 2026-03-11 21:16:35 --> Session: Class initialized using 'CodeIgniter\Session\Handlers\FileHandler' driver.
INFO - 2026-03-11 21:16:36 --> Session: Class initialized using 'CodeIgniter\Session\Handlers\FileHandler' driver.
INFO - 2026-03-11 21:16:43 --> Session: Class initialized using 'CodeIgniter\Session\Handlers\FileHandler' driver.
INFO - 2026-03-11 21:16:56 --> Session: Class initialized using 'CodeIgniter\Session\Handlers\FileHandler' driver.
INFO - 2026-03-11 21:17:04 --> Session: Class initialized using 'CodeIgniter\Session\Handlers\FileHandler' driver.
INFO - 2026-03-11 21:17:08 --> Session: Class initialized using 'CodeIgniter\Session\Handlers\FileHandler' driver.
INFO - 2026-03-11 21:17:09 --> Session: Class initialized using 'CodeIgniter\Session\Handlers\FileHandler' driver.
INFO - 2026-03-11 21:17:10 --> Session: Class initialized using 'CodeIgniter\Session\Handlers\FileHandler' driver.
INFO - 2026-03-11 21:17:14 --> Session: Class initialized using 'CodeIgniter\Session\Handlers\FileHandler' driver.
INFO - 2026-03-11 21:17:27 --> Session: Class initialized using 'CodeIgniter\Session\Handlers\FileHandler' driver.
INFO - 2026-03-11 21:17:27 --> Session: Class initialized using 'CodeIgniter\Session\Handlers\FileHandler' driver.
INFO - 2026-03-11 21:18:28 --> CSRF token verified.
INFO - 2026-03-11 21:18:28 --> Session: Class initialized using 'CodeIgniter\Session\Handlers\FileHandler' driver.
INFO - 2026-03-11 21:18:28 --> Session: Class initialized using 'CodeIgniter\Session\Handlers\FileHandler' driver.
INFO - 2026-03-11 21:18:31 --> Session: Class initialized using 'CodeIgniter\Session\Handlers\FileHandler' driver.
INFO - 2026-03-11 21:18:35 --> Session: Class initialized using 'CodeIgniter\Session\Handlers\FileHandler' driver.
INFO - 2026-03-11 21:18:38 --> Session: Class initialized using 'CodeIgniter\Session\Handlers\FileHandler' driver.
INFO - 2026-03-11 21:18:39 --> Session: Class initialized using 'CodeIgniter\Session\Handlers\FileHandler' driver.
INFO - 2026-03-11 21:18:40 --> Session: Class initialized using 'CodeIgniter\Session\Handlers\FileHandler' driver.
INFO - 2026-03-11 21:18:41 --> Session: Class initialized using 'CodeIgniter\Session\Handlers\FileHandler' driver.
INFO - 2026-03-11 21:18:44 --> Session: Class initialized using 'CodeIgniter\Session\Handlers\FileHandler' driver.
INFO - 2026-03-11 21:18:51 --> Session: Class initialized using 'CodeIgniter\Session\Handlers\FileHandler' driver.
INFO - 2026-03-11 21:18:54 --> Session: Class initialized using 'CodeIgniter\Session\Handlers\FileHandler' driver.
INFO - 2026-03-11 21:18:59 --> Session: Class initialized using 'CodeIgniter\Session\Handlers\FileHandler' driver.
INFO - 2026-03-11 21:19:01 --> Session: Class initialized using 'CodeIgniter\Session\Handlers\FileHandler' driver.
INFO - 2026-03-11 21:19:04 --> Session: Class initialized using 'CodeIgniter\Session\Handlers\FileHandler' driver.
INFO - 2026-03-11 21:19:05 --> Session: Class initialized using 'CodeIgniter\Session\Handlers\FileHandler' driver.
INFO - 2026-03-11 21:19:06 --> Session: Class initialized using 'CodeIgniter\Session\Handlers\FileHandler' driver.
INFO - 2026-03-11 21:19:07 --> Session: Class initialized using 'CodeIgniter\Session\Handlers\FileHandler' driver.
INFO - 2026-03-11 21:19:09 --> Session: Class initialized using 'CodeIgniter\Session\Handlers\FileHandler' driver.
INFO - 2026-03-11 21:19:11 --> Session: Class initialized using 'CodeIgniter\Session\Handlers\FileHandler' driver.
INFO - 2026-03-11 21:19:13 --> Session: Class initialized using 'CodeIgniter\Session\Handlers\FileHandler' driver.
INFO - 2026-03-11 21:19:14 --> Session: Class initialized using 'CodeIgniter\Session\Handlers\FileHandler' driver.
INFO - 2026-03-11 21:19:15 --> Session: Class initialized using 'CodeIgniter\Session\Handlers\FileHandler' driver.
INFO - 2026-03-11 21:19:17 --> Session: Class initialized using 'CodeIgniter\Session\Handlers\FileHandler' driver.
INFO - 2026-03-11 21:19:18 --> Session: Class initialized using 'CodeIgniter\Session\Handlers\FileHandler' driver.
INFO - 2026-03-11 21:22:01 --> Session: Class initialized using 'CodeIgniter\Session\Handlers\FileHandler' driver.
INFO - 2026-03-11 21:22:01 --> Session: Class initialized using 'CodeIgniter\Session\Handlers\FileHandler' driver.
INFO - 2026-03-11 21:22:07 --> CSRF token verified.
INFO - 2026-03-11 21:22:07 --> Session: Class initialized using 'CodeIgniter\Session\Handlers\FileHandler' driver.
INFO - 2026-03-11 21:22:07 --> Session: Class initialized using 'CodeIgniter\Session\Handlers\FileHandler' driver.
INFO - 2026-03-11 21:22:09 --> Session: Class initialized using 'CodeIgniter\Session\Handlers\FileHandler' driver.
INFO - 2026-03-11 21:22:18 --> Session: Class initialized using 'CodeIgniter\Session\Handlers\FileHandler' driver.
INFO - 2026-03-11 21:22:21 --> Session: Class initialized using 'CodeIgniter\Session\Handlers\FileHandler' driver.
INFO - 2026-03-11 21:22:40 --> Session: Class initialized using 'CodeIgniter\Session\Handlers\FileHandler' driver.
INFO - 2026-03-11 21:22:50 --> Session: Class initialized using 'CodeIgniter\Session\Handlers\FileHandler' driver.
INFO - 2026-03-11 21:22:52 --> Session: Class initialized using 'CodeIgniter\Session\Handlers\FileHandler' driver.
INFO - 2026-03-11 21:22:53 --> Session: Class initialized using 'CodeIgniter\Session\Handlers\FileHandler' driver.
INFO - 2026-03-11 21:23:05 --> CSRF token verified.
INFO - 2026-03-11 21:23:05 --> Session: Class initialized using 'CodeIgniter\Session\Handlers\FileHandler' driver.
INFO - 2026-03-11 21:23:05 --> Session: Class initialized using 'CodeIgniter\Session\Handlers\FileHandler' driver.
INFO - 2026-03-11 21:23:13 --> Session: Class initialized using 'CodeIgniter\Session\Handlers\FileHandler' driver.
INFO - 2026-03-11 21:23:18 --> Session: Class initialized using 'CodeIgniter\Session\Handlers\FileHandler' driver.
INFO - 2026-03-11 21:23:18 --> Session: Class initialized using 'CodeIgniter\Session\Handlers\FileHandler' driver.
INFO - 2026-03-11 21:23:21 --> Session: Class initialized using 'CodeIgniter\Session\Handlers\FileHandler' driver.
INFO - 2026-03-11 21:23:23 --> Session: Class initialized using 'CodeIgniter\Session\Handlers\FileHandler' driver.
INFO - 2026-03-11 21:23:29 --> Session: Class initialized using 'CodeIgniter\Session\Handlers\FileHandler' driver.
INFO - 2026-03-11 21:23:52 --> CSRF token verified.
INFO - 2026-03-11 21:23:52 --> Session: Class initialized using 'CodeIgniter\Session\Handlers\FileHandler' driver.
INFO - 2026-03-11 21:23:53 --> Session: Class initialized using 'CodeIgniter\Session\Handlers\FileHandler' driver.
INFO - 2026-03-11 21:23:58 --> Session: Class initialized using 'CodeIgniter\Session\Handlers\FileHandler' driver.
INFO - 2026-03-11 21:23:59 --> Session: Class initialized using 'CodeIgniter\Session\Handlers\FileHandler' driver.
INFO - 2026-03-11 21:24:01 --> Session: Class initialized using 'CodeIgniter\Session\Handlers\FileHandler' driver.
INFO - 2026-03-11 21:24:05 --> Session: Class initialized using 'CodeIgniter\Session\Handlers\FileHandler' driver.
INFO - 2026-03-11 21:24:05 --> Session: Class initialized using 'CodeIgniter\Session\Handlers\FileHandler' driver.
INFO - 2026-03-11 21:24:07 --> Session: Class initialized using 'CodeIgniter\Session\Handlers\FileHandler' driver.
INFO - 2026-03-11 21:24:17 --> Session: Class initialized using 'CodeIgniter\Session\Handlers\FileHandler' driver.
INFO - 2026-03-11 21:24:17 --> Session: Class initialized using 'CodeIgniter\Session\Handlers\FileHandler' driver.
INFO - 2026-03-11 21:24:21 --> Session: Class initialized using 'CodeIgniter\Session\Handlers\FileHandler' driver.
INFO - 2026-03-11 21:24:28 --> Session: Class initialized using 'CodeIgniter\Session\Handlers\FileHandler' driver.
INFO - 2026-03-11 21:24:28 --> Session: Class initialized using 'CodeIgniter\Session\Handlers\FileHandler' driver.
INFO - 2026-03-11 21:24:30 --> Session: Class initialized using 'CodeIgniter\Session\Handlers\FileHandler' driver.
INFO - 2026-03-11 21:24:34 --> Session: Class initialized using 'CodeIgniter\Session\Handlers\FileHandler' driver.
INFO - 2026-03-11 21:24:47 --> Session: Class initialized using 'CodeIgniter\Session\Handlers\FileHandler' driver.
INFO - 2026-03-11 21:24:47 --> Session: Class initialized using 'CodeIgniter\Session\Handlers\FileHandler' driver.
INFO - 2026-03-11 21:24:50 --> Session: Class initialized using 'CodeIgniter\Session\Handlers\FileHandler' driver.
INFO - 2026-03-11 21:24:54 --> Session: Class initialized using 'CodeIgniter\Session\Handlers\FileHandler' driver.
INFO - 2026-03-11 21:25:28 --> Session: Class initialized using 'CodeIgniter\Session\Handlers\FileHandler' driver.
INFO - 2026-03-11 21:25:28 --> Session: Class initialized using 'CodeIgniter\Session\Handlers\FileHandler' driver.
INFO - 2026-03-11 21:25:36 --> Session: Class initialized using 'CodeIgniter\Session\Handlers\FileHandler' driver.
INFO - 2026-03-11 21:25:46 --> Session: Class initialized using 'CodeIgniter\Session\Handlers\FileHandler' driver.
INFO - 2026-03-11 21:25:47 --> Session: Class initialized using 'CodeIgniter\Session\Handlers\FileHandler' driver.
INFO - 2026-03-11 21:26:04 --> CSRF token verified.
INFO - 2026-03-11 21:26:04 --> Session: Class initialized using 'CodeIgniter\Session\Handlers\FileHandler' driver.
INFO - 2026-03-11 21:26:04 --> Session: Class initialized using 'CodeIgniter\Session\Handlers\FileHandler' driver.
INFO - 2026-03-11 21:26:07 --> Session: Class initialized using 'CodeIgniter\Session\Handlers\FileHandler' driver.
INFO - 2026-03-11 21:26:21 --> Session: Class initialized using 'CodeIgniter\Session\Handlers\FileHandler' driver.
INFO - 2026-03-11 21:26:23 --> Session: Class initialized using 'CodeIgniter\Session\Handlers\FileHandler' driver.
INFO - 2026-03-11 21:26:25 --> Session: Class initialized using 'CodeIgniter\Session\Handlers\FileHandler' driver.
INFO - 2026-03-11 21:26:46 --> Session: Class initialized using 'CodeIgniter\Session\Handlers\FileHandler' driver.
INFO - 2026-03-11 21:26:48 --> Session: Class initialized using 'CodeIgniter\Session\Handlers\FileHandler' driver.
INFO - 2026-03-11 21:26:49 --> Session: Class initialized using 'CodeIgniter\Session\Handlers\FileHandler' driver.
INFO - 2026-03-11 21:26:51 --> Session: Class initialized using 'CodeIgniter\Session\Handlers\FileHandler' driver.
INFO - 2026-03-11 21:26:52 --> Session: Class initialized using 'CodeIgniter\Session\Handlers\FileHandler' driver.
INFO - 2026-03-11 21:26:53 --> Session: Class initialized using 'CodeIgniter\Session\Handlers\FileHandler' driver.
INFO - 2026-03-11 21:26:58 --> Session: Class initialized using 'CodeIgniter\Session\Handlers\FileHandler' driver.
INFO - 2026-03-11 21:27:14 --> Session: Class initialized using 'CodeIgniter\Session\Handlers\FileHandler' driver.
INFO - 2026-03-11 21:27:15 --> Session: Class initialized using 'CodeIgniter\Session\Handlers\FileHandler' driver.
INFO - 2026-03-11 21:27:15 --> Session: Class initialized using 'CodeIgniter\Session\Handlers\FileHandler' driver.
INFO - 2026-03-11 21:27:16 --> Session: Class initialized using 'CodeIgniter\Session\Handlers\FileHandler' driver.
INFO - 2026-03-11 21:27:17 --> Session: Class initialized using 'CodeIgniter\Session\Handlers\FileHandler' driver.
INFO - 2026-03-11 21:27:18 --> Session: Class initialized using 'CodeIgniter\Session\Handlers\FileHandler' driver.
INFO - 2026-03-11 21:27:34 --> Session: Class initialized using 'CodeIgniter\Session\Handlers\FileHandler' driver.
INFO - 2026-03-11 21:27:39 --> Session: Class initialized using 'CodeIgniter\Session\Handlers\FileHandler' driver.
INFO - 2026-03-11 21:27:40 --> Session: Class initialized using 'CodeIgniter\Session\Handlers\FileHandler' driver.
INFO - 2026-03-11 21:27:47 --> Session: Class initialized using 'CodeIgniter\Session\Handlers\FileHandler' driver.
INFO - 2026-03-11 21:27:49 --> Session: Class initialized using 'CodeIgniter\Session\Handlers\FileHandler' driver.
INFO - 2026-03-11 21:27:51 --> Session: Class initialized using 'CodeIgniter\Session\Handlers\FileHandler' driver.
INFO - 2026-03-11 21:27:55 --> Session: Class initialized using 'CodeIgniter\Session\Handlers\FileHandler' driver.
INFO - 2026-03-11 21:27:58 --> Session: Class initialized using 'CodeIgniter\Session\Handlers\FileHandler' driver.
INFO - 2026-03-11 21:28:01 --> Session: Class initialized using 'CodeIgniter\Session\Handlers\FileHandler' driver.
INFO - 2026-03-11 21:28:01 --> Session: Class initialized using 'CodeIgniter\Session\Handlers\FileHandler' driver.
INFO - 2026-03-11 21:28:04 --> Session: Class initialized using 'CodeIgniter\Session\Handlers\FileHandler' driver.
INFO - 2026-03-11 21:28:10 --> Session: Class initialized using 'CodeIgniter\Session\Handlers\FileHandler' driver.
INFO - 2026-03-11 21:28:10 --> Session: Class initialized using 'CodeIgniter\Session\Handlers\FileHandler' driver.
INFO - 2026-03-11 21:28:11 --> Session: Class initialized using 'CodeIgniter\Session\Handlers\FileHandler' driver.
INFO - 2026-03-11 21:28:14 --> Session: Class initialized using 'CodeIgniter\Session\Handlers\FileHandler' driver.
INFO - 2026-03-11 21:28:19 --> Session: Class initialized using 'CodeIgniter\Session\Handlers\FileHandler' driver.
INFO - 2026-03-11 21:28:19 --> Session: Class initialized using 'CodeIgniter\Session\Handlers\FileHandler' driver.
INFO - 2026-03-11 21:28:34 --> Session: Class initialized using 'CodeIgniter\Session\Handlers\FileHandler' driver.
INFO - 2026-03-11 21:28:45 --> Session: Class initialized using 'CodeIgniter\Session\Handlers\FileHandler' driver.
INFO - 2026-03-11 21:28:47 --> Session: Class initialized using 'CodeIgniter\Session\Handlers\FileHandler' driver.
INFO - 2026-03-11 21:28:48 --> Session: Class initialized using 'CodeIgniter\Session\Handlers\FileHandler' driver.
INFO - 2026-03-11 21:28:49 --> Session: Class initialized using 'CodeIgniter\Session\Handlers\FileHandler' driver.
INFO - 2026-03-11 21:30:05 --> Session: Class initialized using 'CodeIgniter\Session\Handlers\FileHandler' driver.
INFO - 2026-03-11 21:30:05 --> Session: Class initialized using 'CodeIgniter\Session\Handlers\FileHandler' driver.
INFO - 2026-03-11 21:30:12 --> Session: Class initialized using 'CodeIgniter\Session\Handlers\FileHandler' driver.
INFO - 2026-03-11 21:30:12 --> Session: Class initialized using 'CodeIgniter\Session\Handlers\FileHandler' driver.
INFO - 2026-03-11 21:30:20 --> CSRF token verified.
INFO - 2026-03-11 21:30:20 --> Session: Class initialized using 'CodeIgniter\Session\Handlers\FileHandler' driver.
INFO - 2026-03-11 21:30:20 --> Session: Class initialized using 'CodeIgniter\Session\Handlers\FileHandler' driver.
INFO - 2026-03-11 21:30:38 --> Session: Class initialized using 'CodeIgniter\Session\Handlers\FileHandler' driver.
INFO - 2026-03-11 21:30:55 --> Session: Class initialized using 'CodeIgniter\Session\Handlers\FileHandler' driver.
INFO - 2026-03-11 21:30:55 --> Session: Class initialized using 'CodeIgniter\Session\Handlers\FileHandler' driver.
INFO - 2026-03-11 21:30:59 --> Session: Class initialized using 'CodeIgniter\Session\Handlers\FileHandler' driver.
INFO - 2026-03-11 21:31:39 --> Session: Class initialized using 'CodeIgniter\Session\Handlers\FileHandler' driver.
INFO - 2026-03-11 21:31:39 --> Session: Class initialized using 'CodeIgniter\Session\Handlers\FileHandler' driver.
INFO - 2026-03-11 21:31:54 --> Session: Class initialized using 'CodeIgniter\Session\Handlers\FileHandler' driver.
INFO - 2026-03-11 21:31:59 --> Session: Class initialized using 'CodeIgniter\Session\Handlers\FileHandler' driver.
INFO - 2026-03-11 21:32:48 --> Session: Class initialized using 'CodeIgniter\Session\Handlers\FileHandler' driver.
INFO - 2026-03-11 21:32:48 --> Session: Class initialized using 'CodeIgniter\Session\Handlers\FileHandler' driver.
INFO - 2026-03-11 21:33:22 --> Session: Class initialized using 'CodeIgniter\Session\Handlers\FileHandler' driver.
INFO - 2026-03-11 21:33:38 --> Session: Class initialized using 'CodeIgniter\Session\Handlers\FileHandler' driver.
INFO - 2026-03-11 21:33:38 --> CSRF token verified.
INFO - 2026-03-11 21:33:38 --> Session: Class initialized using 'CodeIgniter\Session\Handlers\FileHandler' driver.
INFO - 2026-03-11 21:34:22 --> Session: Class initialized using 'CodeIgniter\Session\Handlers\FileHandler' driver.
INFO - 2026-03-11 21:34:24 --> Session: Class initialized using 'CodeIgniter\Session\Handlers\FileHandler' driver.
INFO - 2026-03-11 21:34:25 --> Session: Class initialized using 'CodeIgniter\Session\Handlers\FileHandler' driver.
INFO - 2026-03-11 21:34:26 --> Session: Class initialized using 'CodeIgniter\Session\Handlers\FileHandler' driver.
INFO - 2026-03-11 21:34:29 --> Session: Class initialized using 'CodeIgniter\Session\Handlers\FileHandler' driver.
INFO - 2026-03-11 21:34:31 --> Session: Class initialized using 'CodeIgniter\Session\Handlers\FileHandler' driver.
INFO - 2026-03-11 21:34:32 --> Session: Class initialized using 'CodeIgniter\Session\Handlers\FileHandler' driver.
INFO - 2026-03-11 21:34:39 --> Session: Class initialized using 'CodeIgniter\Session\Handlers\FileHandler' driver.
INFO - 2026-03-11 21:34:39 --> CSRF token verified.
INFO - 2026-03-11 21:34:39 --> Session: Class initialized using 'CodeIgniter\Session\Handlers\FileHandler' driver.
INFO - 2026-03-11 21:37:48 --> Session: Class initialized using 'CodeIgniter\Session\Handlers\FileHandler' driver.
INFO - 2026-03-11 21:37:54 --> Session: Class initialized using 'CodeIgniter\Session\Handlers\FileHandler' driver.
INFO - 2026-03-11 21:37:56 --> Session: Class initialized using 'CodeIgniter\Session\Handlers\FileHandler' driver.
INFO - 2026-03-11 21:38:53 --> Session: Class initialized using 'CodeIgniter\Session\Handlers\FileHandler' driver.
INFO - 2026-03-11 21:38:54 --> Session: Class initialized using 'CodeIgniter\Session\Handlers\FileHandler' driver.
INFO - 2026-03-11 21:38:57 --> Session: Class initialized using 'CodeIgniter\Session\Handlers\FileHandler' driver.
INFO - 2026-03-11 21:38:58 --> Session: Class initialized using 'CodeIgniter\Session\Handlers\FileHandler' driver.
INFO - 2026-03-11 21:38:59 --> Session: Class initialized using 'CodeIgniter\Session\Handlers\FileHandler' driver.
INFO - 2026-03-11 21:39:07 --> Session: Class initialized using 'CodeIgniter\Session\Handlers\FileHandler' driver.
INFO - 2026-03-11 21:39:09 --> Session: Class initialized using 'CodeIgniter\Session\Handlers\FileHandler' driver.
INFO - 2026-03-11 21:39:10 --> Session: Class initialized using 'CodeIgniter\Session\Handlers\FileHandler' driver.
INFO - 2026-03-11 21:39:11 --> Session: Class initialized using 'CodeIgniter\Session\Handlers\FileHandler' driver.
INFO - 2026-03-11 21:39:11 --> Session: Class initialized using 'CodeIgniter\Session\Handlers\FileHandler' driver.
INFO - 2026-03-11 21:39:40 --> Session: Class initialized using 'CodeIgniter\Session\Handlers\FileHandler' driver.
INFO - 2026-03-11 21:39:42 --> Session: Class initialized using 'CodeIgniter\Session\Handlers\FileHandler' driver.
INFO - 2026-03-11 21:39:44 --> Session: Class initialized using 'CodeIgniter\Session\Handlers\FileHandler' driver.
INFO - 2026-03-11 21:39:45 --> Session: Class initialized using 'CodeIgniter\Session\Handlers\FileHandler' driver.
INFO - 2026-03-11 21:39:49 --> Session: Class initialized using 'CodeIgniter\Session\Handlers\FileHandler' driver.
INFO - 2026-03-11 21:39:50 --> Session: Class initialized using 'CodeIgniter\Session\Handlers\FileHandler' driver.
INFO - 2026-03-11 21:39:50 --> Session: Class initialized using 'CodeIgniter\Session\Handlers\FileHandler' driver.
INFO - 2026-03-11 21:39:51 --> Session: Class initialized using 'CodeIgniter\Session\Handlers\FileHandler' driver.
INFO - 2026-03-11 21:39:54 --> Session: Class initialized using 'CodeIgniter\Session\Handlers\FileHandler' driver.
INFO - 2026-03-11 21:39:55 --> Session: Class initialized using 'CodeIgniter\Session\Handlers\FileHandler' driver.
INFO - 2026-03-11 21:39:55 --> Session: Class initialized using 'CodeIgniter\Session\Handlers\FileHandler' driver.
INFO - 2026-03-11 21:39:58 --> Session: Class initialized using 'CodeIgniter\Session\Handlers\FileHandler' driver.
INFO - 2026-03-11 21:39:59 --> Session: Class initialized using 'CodeIgniter\Session\Handlers\FileHandler' driver.
INFO - 2026-03-11 21:40:02 --> Session: Class initialized using 'CodeIgniter\Session\Handlers\FileHandler' driver.
INFO - 2026-03-11 21:40:02 --> Session: Class initialized using 'CodeIgniter\Session\Handlers\FileHandler' driver.
INFO - 2026-03-11 21:40:13 --> CSRF token verified.
INFO - 2026-03-11 21:40:13 --> Session: Class initialized using 'CodeIgniter\Session\Handlers\FileHandler' driver.
INFO - 2026-03-11 21:40:13 --> Session: Class initialized using 'CodeIgniter\Session\Handlers\FileHandler' driver.
INFO - 2026-03-11 21:40:17 --> Session: Class initialized using 'CodeIgniter\Session\Handlers\FileHandler' driver.
INFO - 2026-03-11 21:40:39 --> Session: Class initialized using 'CodeIgniter\Session\Handlers\FileHandler' driver.
INFO - 2026-03-11 21:40:43 --> Session: Class initialized using 'CodeIgniter\Session\Handlers\FileHandler' driver.
INFO - 2026-03-11 21:40:48 --> Session: Class initialized using 'CodeIgniter\Session\Handlers\FileHandler' driver.
INFO - 2026-03-11 21:40:54 --> Session: Class initialized using 'CodeIgniter\Session\Handlers\FileHandler' driver.
INFO - 2026-03-11 21:40:58 --> Session: Class initialized using 'CodeIgniter\Session\Handlers\FileHandler' driver.
INFO - 2026-03-11 21:41:00 --> Session: Class initialized using 'CodeIgniter\Session\Handlers\FileHandler' driver.
INFO - 2026-03-11 21:41:02 --> Session: Class initialized using 'CodeIgniter\Session\Handlers\FileHandler' driver.
INFO - 2026-03-11 21:41:12 --> Session: Class initialized using 'CodeIgniter\Session\Handlers\FileHandler' driver.
INFO - 2026-03-11 21:41:14 --> Session: Class initialized using 'CodeIgniter\Session\Handlers\FileHandler' driver.
INFO - 2026-03-11 21:41:16 --> Session: Class initialized using 'CodeIgniter\Session\Handlers\FileHandler' driver.
INFO - 2026-03-11 21:41:18 --> Session: Class initialized using 'CodeIgniter\Session\Handlers\FileHandler' driver.
INFO - 2026-03-11 21:41:19 --> Session: Class initialized using 'CodeIgniter\Session\Handlers\FileHandler' driver.
INFO - 2026-03-11 21:41:29 --> CSRF token verified.
INFO - 2026-03-11 21:41:29 --> Session: Class initialized using 'CodeIgniter\Session\Handlers\FileHandler' driver.
INFO - 2026-03-11 21:41:29 --> Session: Class initialized using 'CodeIgniter\Session\Handlers\FileHandler' driver.
INFO - 2026-03-11 21:41:32 --> Session: Class initialized using 'CodeIgniter\Session\Handlers\FileHandler' driver.
INFO - 2026-03-11 21:41:33 --> Session: Class initialized using 'CodeIgniter\Session\Handlers\FileHandler' driver.
INFO - 2026-03-11 21:41:38 --> Session: Class initialized using 'CodeIgniter\Session\Handlers\FileHandler' driver.
INFO - 2026-03-11 21:41:38 --> CSRF token verified.
INFO - 2026-03-11 21:41:38 --> Session: Class initialized using 'CodeIgniter\Session\Handlers\FileHandler' driver.
INFO - 2026-03-11 21:41:45 --> Session: Class initialized using 'CodeIgniter\Session\Handlers\FileHandler' driver.
INFO - 2026-03-11 21:41:47 --> Session: Class initialized using 'CodeIgniter\Session\Handlers\FileHandler' driver.
INFO - 2026-03-11 21:42:19 --> Session: Class initialized using 'CodeIgniter\Session\Handlers\FileHandler' driver.
INFO - 2026-03-11 21:42:29 --> Session: Class initialized using 'CodeIgniter\Session\Handlers\FileHandler' driver.
INFO - 2026-03-11 21:42:29 --> Session: Class initialized using 'CodeIgniter\Session\Handlers\FileHandler' driver.
INFO - 2026-03-11 21:42:36 --> CSRF token verified.
INFO - 2026-03-11 21:42:36 --> Session: Class initialized using 'CodeIgniter\Session\Handlers\FileHandler' driver.
INFO - 2026-03-11 21:42:36 --> Session: Class initialized using 'CodeIgniter\Session\Handlers\FileHandler' driver.
INFO - 2026-03-11 21:42:41 --> Session: Class initialized using 'CodeIgniter\Session\Handlers\FileHandler' driver.
INFO - 2026-03-11 21:42:55 --> Session: Class initialized using 'CodeIgniter\Session\Handlers\FileHandler' driver.
INFO - 2026-03-11 21:42:59 --> Session: Class initialized using 'CodeIgniter\Session\Handlers\FileHandler' driver.
INFO - 2026-03-11 21:42:59 --> Session: Class initialized using 'CodeIgniter\Session\Handlers\FileHandler' driver.
INFO - 2026-03-11 21:43:09 --> Session: Class initialized using 'CodeIgniter\Session\Handlers\FileHandler' driver.
INFO - 2026-03-11 21:43:12 --> Session: Class initialized using 'CodeIgniter\Session\Handlers\FileHandler' driver.
INFO - 2026-03-11 21:43:13 --> Session: Class initialized using 'CodeIgniter\Session\Handlers\FileHandler' driver.
INFO - 2026-03-11 21:43:14 --> Session: Class initialized using 'CodeIgniter\Session\Handlers\FileHandler' driver.
INFO - 2026-03-11 21:43:17 --> Session: Class initialized using 'CodeIgniter\Session\Handlers\FileHandler' driver.
INFO - 2026-03-11 21:43:30 --> Session: Class initialized using 'CodeIgniter\Session\Handlers\FileHandler' driver.
INFO - 2026-03-11 21:43:33 --> Session: Class initialized using 'CodeIgniter\Session\Handlers\FileHandler' driver.
INFO - 2026-03-11 21:43:41 --> Session: Class initialized using 'CodeIgniter\Session\Handlers\FileHandler' driver.
INFO - 2026-03-11 21:43:43 --> Session: Class initialized using 'CodeIgniter\Session\Handlers\FileHandler' driver.
INFO - 2026-03-11 21:43:46 --> Session: Class initialized using 'CodeIgniter\Session\Handlers\FileHandler' driver.
INFO - 2026-03-11 21:43:46 --> Session: Class initialized using 'CodeIgniter\Session\Handlers\FileHandler' driver.
INFO - 2026-03-11 21:48:39 --> Session: Class initialized using 'CodeIgniter\Session\Handlers\FileHandler' driver.
INFO - 2026-03-11 21:48:40 --> Session: Class initialized using 'CodeIgniter\Session\Handlers\FileHandler' driver.
INFO - 2026-03-11 21:48:42 --> Session: Class initialized using 'CodeIgniter\Session\Handlers\FileHandler' driver.
INFO - 2026-03-11 21:48:43 --> Session: Class initialized using 'CodeIgniter\Session\Handlers\FileHandler' driver.
INFO - 2026-03-11 21:48:45 --> Session: Class initialized using 'CodeIgniter\Session\Handlers\FileHandler' driver.
INFO - 2026-03-11 21:48:45 --> Session: Class initialized using 'CodeIgniter\Session\Handlers\FileHandler' driver.
INFO - 2026-03-11 22:50:10 --> Session: Class initialized using 'CodeIgniter\Session\Handlers\FileHandler' driver.
CRITICAL - 2026-03-11 22:50:10 --> Namespace declaration statement has to be the very first statement or after any declare call in the script
in APPPATH\Libraries\Mailer.php on line 2.
 1 [internal function]: CodeIgniter\Debug\Exceptions->shutdownHandler()
INFO - 2026-03-11 22:50:44 --> Session: Class initialized using 'CodeIgniter\Session\Handlers\FileHandler' driver.
CRITICAL - 2026-03-11 22:50:44 --> Namespace declaration statement has to be the very first statement or after any declare call in the script
in APPPATH\Libraries\Mailer.php on line 2.
 1 [internal function]: CodeIgniter\Debug\Exceptions->shutdownHandler()
INFO - 2026-03-11 22:51:33 --> Session: Class initialized using 'CodeIgniter\Session\Handlers\FileHandler' driver.
INFO - 2026-03-11 22:51:40 --> Session: Class initialized using 'CodeIgniter\Session\Handlers\FileHandler' driver.
INFO - 2026-03-11 22:53:57 --> Session: Class initialized using 'CodeIgniter\Session\Handlers\FileHandler' driver.
INFO - 2026-03-11 22:54:11 --> Session: Class initialized using 'CodeIgniter\Session\Handlers\FileHandler' driver.
INFO - 2026-03-11 22:54:26 --> Session: Class initialized using 'CodeIgniter\Session\Handlers\FileHandler' driver.
INFO - 2026-03-11 22:54:34 --> Session: Class initialized using 'CodeIgniter\Session\Handlers\FileHandler' driver.
INFO - 2026-03-11 22:54:40 --> Session: Class initialized using 'CodeIgniter\Session\Handlers\FileHandler' driver.
INFO - 2026-03-11 22:54:41 --> Session: Class initialized using 'CodeIgniter\Session\Handlers\FileHandler' driver.
INFO - 2026-03-11 22:54:51 --> Session: Class initialized using 'CodeIgniter\Session\Handlers\FileHandler' driver.
INFO - 2026-03-11 22:55:03 --> Session: Class initialized using 'CodeIgniter\Session\Handlers\FileHandler' driver.
INFO - 2026-03-11 22:55:08 --> Session: Class initialized using 'CodeIgniter\Session\Handlers\FileHandler' driver.
INFO - 2026-03-11 22:55:17 --> Session: Class initialized using 'CodeIgniter\Session\Handlers\FileHandler' driver.
INFO - 2026-03-11 22:55:23 --> Session: Class initialized using 'CodeIgniter\Session\Handlers\FileHandler' driver.
INFO - 2026-03-11 22:55:32 --> Session: Class initialized using 'CodeIgniter\Session\Handlers\FileHandler' driver.
INFO - 2026-03-11 22:55:33 --> Session: Class initialized using 'CodeIgniter\Session\Handlers\FileHandler' driver.
INFO - 2026-03-11 22:55:38 --> Session: Class initialized using 'CodeIgniter\Session\Handlers\FileHandler' driver.
INFO - 2026-03-11 22:55:39 --> Session: Class initialized using 'CodeIgniter\Session\Handlers\FileHandler' driver.
INFO - 2026-03-11 22:56:03 --> CSRF token verified.
INFO - 2026-03-11 22:56:08 --> Session: Class initialized using 'CodeIgniter\Session\Handlers\FileHandler' driver.
INFO - 2026-03-11 22:56:09 --> Session: Class initialized using 'CodeIgniter\Session\Handlers\FileHandler' driver.
